#
# A fatal error has been detected by the Java Runtime Environment:
#
#  Internal Error (jvmciRuntime.cpp:1609), pid=29, tid=43
#  fatal error: Fatal exception in JVMCI: Error calling jdk.vm.ci.services.Services.serializeSavedProperties
#
# JRE version: OpenJDK Runtime Environment GraalVM CE 22.3.0 (17.0.5+8) (build 17.0.5+8-jvmci-22.3-b08)
# Java VM: OpenJDK 64-Bit Server VM GraalVM CE 22.3.0 (17.0.5+8-jvmci-22.3-b08, mixed mode, sharing, tiered, jvmci, jvmci compiler, compressed oops, compressed class ptrs, parallel gc, linux-amd64)
# Problematic frame:
# V  [libjvm.so+0x972714]  JVMCIRuntime::fatal_exception(JVMCIEnv*, char const*)+0x74
#
# Core dump will be written. Default location: Core dumps may be processed with "/usr/share/apport/apport -p%p -s%s -c%c -d%d -P%P -u%u -g%g -- %E" (or dumping to /home/runner/zaliczenie/core.29)
#
# If you would like to submit a bug report, please visit:
#   https://github.com/oracle/graal/issues
#

---------------  S U M M A R Y ------------

Command Line: -XX:ThreadPriorityPolicy=1 -XX:+UnlockExperimentalVMOptions -XX:+EnableJVMCIProduct -XX:JVMCIThreadsPerNativeLibraryRuntime=1 -XX:-UnlockExperimentalVMOptions -Declipse.application=org.eclipse.jdt.ls.core.id1 -Dosgi.bundles.defaultStartLevel=4 -Declipse.product=org.eclipse.jdt.ls.core.product -Dlog.level=ALL -Xverify:none -XX:+UseParallelGC -XX:GCTimeRatio=4 -XX:AdaptiveSizePolicyWeight=90 -Dsun.zip.disableMemoryMapping=true -Xmx512m -Xms100m /nix/store/m6gcpi1ii6rghy04cjwjddcavv7i90df-jdt-language-server-1.9.0/share/java/plugins/org.eclipse.equinox.launcher_1.6.400.v20210924-0641.jar --add-modules=ALL-SYSTEM --add-opens java.base/java.util=ALL-UNNAMED --add-opens java.base/java.lang=ALL-UNNAMED -configuration /home/runner/.cache/jdt-language-server/config -data /home/runner/.cache/jdt-language-server/data/home/runner/zaliczenie

Host: AMD EPYC 7B12, 8 cores, 1G, Ubuntu 20.04.2 LTS
Time: Wed May 24 12:22:48 2023 UTC elapsed time: 989.930390 seconds (0d 0h 16m 29s)

---------------  T H R E A D  ---------------

Current thread (0x00007f49680b21d0):  JavaThread "JVMCI-native CompilerThread0" daemon [_thread_in_vm, id=43, stack(0x00007f494c61a000,0x00007f494c81a000)]


Current CompileTask:
JVMCI-native: 989954 8598       4       org.eclipse.core.internal.dtree.AbstractDataTreeNode::indexOfChild (75 bytes)

Stack: [0x00007f494c61a000,0x00007f494c81a000],  sp=0x00007f494c818380,  free space=2040k
Native frames: (J=compiled Java code, j=interpreted, Vv=VM code, C=native code)
V  [libjvm.so+0x972714]  JVMCIRuntime::fatal_exception(JVMCIEnv*, char const*)+0x74
V  [libjvm.so+0x93e2fe]  JVMCIEnv::copy_saved_properties()+0x14e
V  [libjvm.so+0x9732a9]  JVMCIRuntime::initialize(JVMCIEnv*)+0xb19
V  [libjvm.so+0x9738a2]  JVMCIRuntime::get_HotSpotJVMCIRuntime(JVMCIEnv*)+0x12
V  [libjvm.so+0x9749f2]  JVMCIRuntime::compile_method(JVMCIEnv*, JVMCICompiler*, methodHandle const&, int)+0xd2
V  [libjvm.so+0x5b0d20]  CompileBroker::invoke_compiler_on_method(CompileTask*)+0x1470
V  [libjvm.so+0x5b12e8]  CompileBroker::compiler_thread_loop()+0x528
V  [libjvm.so+0xd82460]  JavaThread::thread_main_inner()+0xd0
V  [libjvm.so+0xd85a40]  Thread::call_run()+0xc0
V  [libjvm.so+0xbdb1e1]  thread_native_entry(Thread*)+0xe1

Register to memory mapping:

RAX=0x00007f496c2bd000 points into unknown readable memory: 0x0000000000000058 | 58 00 00 00 00 00 00 00
RBX=0x00007f496d3b8398: <offset 0x0000000000ef5398> in /nix/store/gpxl5qgg8kicmcvivwmybwjlpf7wh20l-graalvm17-ce-22.3.0/lib/server/libjvm.so at 0x00007f496c4c3000
RCX=0x00007f496d3701e8: <offset 0x0000000000ead1e8> in /nix/store/gpxl5qgg8kicmcvivwmybwjlpf7wh20l-graalvm17-ce-22.3.0/lib/server/libjvm.so at 0x00007f496c4c3000
RDX=0x0000000000000649 is an unknown value
RSP=0x00007f494c818380 is pointing into the stack for thread: 0x00007f49680b21d0
RBP=0x00007f494c8183a0 is pointing into the stack for thread: 0x00007f49680b21d0
RSI=0x00007f496d3b8c48: <offset 0x0000000000ef5c48> in /nix/store/gpxl5qgg8kicmcvivwmybwjlpf7wh20l-graalvm17-ce-22.3.0/lib/server/libjvm.so at 0x00007f496c4c3000
RDI=0x00000000e0000000 is an oop: java.lang.String 
{0x00000000e0000000} - klass: 'java/lang/String'
 - string: "resolution"
R8 =0x00007f496d3b8398: <offset 0x0000000000ef5398> in /nix/store/gpxl5qgg8kicmcvivwmybwjlpf7wh20l-graalvm17-ce-22.3.0/lib/server/libjvm.so at 0x00007f496c4c3000
R9 =0x00007f494c818330 is pointing into the stack for thread: 0x00007f49680b21d0
R10=0x00007f494c819948 is pointing into the stack for thread: 0x00007f49680b21d0
R11=0x0000000000000293 is an unknown value
R12=0x0 is NULL
R13=0x00007f49680b21d0 is a thread
R14=0x00007f4968000b80 points into unknown readable memory: 0x00007f496d5e9a38 | 38 9a 5e 6d 49 7f 00 00
R15=0x00007f496d6f7e40: <offset 0x0000000001234e40> in /nix/store/gpxl5qgg8kicmcvivwmybwjlpf7wh20l-graalvm17-ce-22.3.0/lib/server/libjvm.so at 0x00007f496c4c3000


Registers:
RAX=0x00007f496c2bd000, RBX=0x00007f496d3b8398, RCX=0x00007f496d3701e8, RDX=0x0000000000000649
RSP=0x00007f494c818380, RBP=0x00007f494c8183a0, RSI=0x00007f496d3b8c48, RDI=0x00000000e0000000
R8 =0x00007f496d3b8398, R9 =0x00007f494c818330, R10=0x00007f494c819948, R11=0x0000000000000293
R12=0x0000000000000000, R13=0x00007f49680b21d0, R14=0x00007f4968000b80, R15=0x00007f496d6f7e40
RIP=0x00007f496ce35714, EFLAGS=0x0000000000010206, CSGSFS=0x002b000000000033, ERR=0x0000000000000006
  TRAPNO=0x000000000000000e

Top of Stack: (sp=0x00007f494c818380)
0x00007f494c818380:   00007f494c818940 00007f49680b21d0
0x00007f494c818390:   00007f494e0aa8c8 0000000800c417a0
0x00007f494c8183a0:   00007f494c818500 00007f496ce012fe
0x00007f494c8183b0:   00007f494c8183e0 00007f494c818440 

Instructions: (pc=0x00007f496ce35714)
0x00007f496ce35614:   30 e8 f6 cf e8 ff 4c 89 e7 e8 2e 48 d1 ff 84 db
0x00007f496ce35624:   75 2a 4d 85 ed 74 04 4d 8b 6d 00 48 83 c4 08 44
0x00007f496ce35634:   89 f9 4c 89 f2 4c 89 ee 5b 4c 89 e7 41 5c 41 5d
0x00007f496ce35644:   41 5e 41 5f 5d e9 e2 47 d1 ff 66 90 48 83 c4 08
0x00007f496ce35654:   5b 41 5c 41 5d 41 5e 41 5f 5d c3 90 31 d2 be 08
0x00007f496ce35664:   00 00 00 4c 89 ff e8 b1 78 a3 ff 49 89 c5 e9 37
0x00007f496ce35674:   ff ff ff 66 0f 1f 84 00 00 00 00 00 48 8b 7a 08
0x00007f496ce35684:   e9 6d ff ff ff 0f 1f 80 00 00 00 00 e8 5b 48 0a
0x00007f496ce35694:   00 84 c0 75 89 e9 6a ff ff ff 66 90 55 48 89 e5
0x00007f496ce356a4:   41 56 41 55 41 54 49 89 fc 53 48 89 f3 66 48 8d
0x00007f496ce356b4:   3d 27 5e 85 00 66 66 48 e8 df 43 8d ff 4c 8b 28
0x00007f496ce356c4:   8b 05 be 72 8a 00 85 c0 75 14 ba 01 00 00 00 48
0x00007f496ce356d4:   8d 0d ae 72 8a 00 f0 0f b1 11 85 c0 74 4e be c8
0x00007f496ce356e4:   00 00 00 4c 89 ef e8 01 0b 41 00 48 8d 05 12 ac
0x00007f496ce356f4:   85 00 49 89 d8 48 8d 0d e8 aa 53 00 ba 49 06 00
0x00007f496ce35704:   00 48 8d 35 3c 35 58 00 bf 00 00 00 e0 48 8b 00
0x00007f496ce35714:   c6 00 58 31 c0 e8 e2 91 c6 ff 5b 41 5c 41 5d 41
0x00007f496ce35724:   5e 5d e9 55 34 26 00 0f 1f 44 00 00 48 8d 05 81
0x00007f496ce35734:   a3 8b 00 48 89 df 4c 8b 30 e8 9e 43 8d ff 48 89
0x00007f496ce35744:   de 48 89 c2 49 8b 06 4c 89 f7 ff 50 08 4c 89 f7
0x00007f496ce35754:   e8 a7 5c 27 00 4d 85 e4 74 12 be 01 00 00 00 4c
0x00007f496ce35764:   89 e7 e8 35 43 fc ff eb 82 0f 1f 00 be 01 00 00
0x00007f496ce35774:   00 4c 89 ef e8 d3 fd ff ff e9 6d ff ff ff 66 66
0x00007f496ce35784:   2e 0f 1f 84 00 00 00 00 00 0f 1f 00 55 48 89 e5
0x00007f496ce35794:   41 57 41 56 41 55 41 54 53 48 81 ec 08 02 00 00
0x00007f496ce357a4:   64 48 8b 04 25 28 00 00 00 48 89 45 c8 8b 07 83
0x00007f496ce357b4:   f8 02 0f 84 11 04 00 00 4c 8b 6f 18 49 89 ff 49
0x00007f496ce357c4:   89 f4 4d 85 ed 74 14 4c 89 ef e8 5d 57 22 00 41
0x00007f496ce357d4:   8b 07 83 f8 02 0f 84 19 04 00 00 48 8d 1d 9a 06
0x00007f496ce357e4:   8a 00 4c 8d 35 0b 3c 58 00 eb 38 90 48 85 d2 7f
0x00007f496ce357f4:   0d 48 8d 05 b4 c0 85 00 48 83 38 00 7e 0e 41 8b
0x00007f496ce35804:   77 2c 4c 89 f7 31 c0 e8 a0 b2 f7 ff 49 8b 7f 18 


Stack slot to memory mapping:
stack at sp + 0 slots: 0x00007f494c818940 is pointing into the stack for thread: 0x00007f49680b21d0
stack at sp + 1 slots: 0x00007f49680b21d0 is a thread
stack at sp + 2 slots: 0x00007f494e0aa8c8 points into unknown readable memory: 0x6573001880c9ffff | ff ff c9 80 18 00 73 65
stack at sp + 3 slots: 0x0000000800c417a0 is a pointer to class: 
jdk.vm.ci.services.Services {0x0000000800c417a0}
 - instance size:     2
 - klass size:        65
 - access:            public final synchronized 
 - state:             fully_initialized
 - name:              'jdk/vm/ci/services/Services'
 - super:             'java/lang/Object'
 - sub:               
 - arrays:            NULL
 - methods:           Array<T>(0x00007f494d03f7e8)
 - method ordering:   Array<T>(0x0000000800928960)
 - default_methods:   Array<T>(0x0000000000000000)
 - local interfaces:  Array<T>(0x00000008005ce810)
 - trans. interfaces: Array<T>(0x00000008005ce810)
 - constants:         constant pool [427] {0x00007f494d03e8c8} for 'jdk/vm/ci/services/Services' cache=0x00007f494d040c78
 - class loader data:  loader data: 0x00007f49680283f0 of 'bootstrap'
 - source file:       'Services.java'
 - class annotations:       Array<T>(0x0000000000000000)
 - class type annotations:  Array<T>(0x0000000000000000)
 - field annotations:       Array<T>(0x0000000000000000)
 - field type annotations:  Array<T>(0x0000000000000000)
 - inner classes:     Array<T>(0x00007f494d040b30)
 - nest members:     Array<T>(0x00007f494d040b50)
 - permitted subclasses:     Array<T>(0x00000008005ce7a0)
 - java mirror:       a 'java/lang/Class'{0x00000000e0148d48} = 'jdk/vm/ci/services/Services'
 - vtable length      5  (start addr: 0x0000000800c41970)
 - itable length      2 (start addr: 0x0000000800c41998)
 - ---- static fields (3 words):
 - public static final 'IS_BUILDING_NATIVE_IMAGE' 'Z' @128 
 - public static final 'IS_IN_NATIVE_IMAGE' 'Z' @129 
 - private static volatile 'savedProperties' 'Ljava/util/Map;' @112 
 - static final 'JVMCI_ENABLED' 'Z' @130 
 - private static final 'servicesCache' 'Ljava/util/Map;' @116 
 - private static final 'MAX_UNICODE_IN_UTF8_LENGTH' 'I' @120 
 - private static final 'MAX_UTF8_PROPERTY_STRING_LENGTH' 'I' @124 
 - ---- non-static fields (0 words):
 - non-static oop maps: 
stack at sp + 4 slots: 0x00007f494c818500 is pointing into the stack for thread: 0x00007f49680b21d0
stack at sp + 5 slots: 0x00007f496ce012fe: <offset 0x000000000093e2fe> in /nix/store/gpxl5qgg8kicmcvivwmybwjlpf7wh20l-graalvm17-ce-22.3.0/lib/server/libjvm.so at 0x00007f496c4c3000
stack at sp + 6 slots: 0x00007f494c8183e0 is pointing into the stack for thread: 0x00007f49680b21d0
stack at sp + 7 slots: 0x00007f494c818440 is pointing into the stack for thread: 0x00007f49680b21d0


---------------  P R O C E S S  ---------------

Threads class SMR info:
_java_thread_list=0x00007f48d81724c0, length=26, elements={
0x00007f4968026690, 0x00007f49680a64d0, 0x00007f49680a7910, 0x00007f49680ae040,
0x00007f49680af3f0, 0x00007f49680b07e0, 0x00007f49680b21d0, 0x00007f49680b36e0,
0x00007f49680b4b30, 0x00007f4968100470, 0x00007f49681501d0, 0x00007f496835b080,
0x00007f496838ff90, 0x00007f49683911c0, 0x00007f4968435fc0, 0x00007f48fc0171c0,
0x00007f48fc2a2cc0, 0x00007f48fc484f80, 0x00007f48fc5f01c0, 0x00007f4968389cd0,
0x00007f496851af20, 0x00007f48d4001130, 0x00007f48cc000ff0, 0x00007f48d40393b0,
0x00007f48d045c990, 0x00007f48d8171e40
}

Java Threads: ( => current thread )
  0x00007f4968026690 JavaThread "main" [_thread_blocked, id=35, stack(0x00007f496c2de000,0x00007f496c3de000)]
  0x00007f49680a64d0 JavaThread "Reference Handler" daemon [_thread_blocked, id=38, stack(0x00007f494cf00000,0x00007f494d000000)]
  0x00007f49680a7910 JavaThread "Finalizer" daemon [_thread_blocked, id=39, stack(0x00007f494ce00000,0x00007f494cf00000)]
  0x00007f49680ae040 JavaThread "Signal Dispatcher" daemon [_thread_blocked, id=40, stack(0x00007f494ca1a000,0x00007f494cb1a000)]
  0x00007f49680af3f0 JavaThread "Service Thread" daemon [_thread_blocked, id=41, stack(0x00007f494c91a000,0x00007f494ca1a000)]
  0x00007f49680b07e0 JavaThread "Monitor Deflation Thread" daemon [_thread_blocked, id=42, stack(0x00007f494c81a000,0x00007f494c91a000)]
=>0x00007f49680b21d0 JavaThread "JVMCI-native CompilerThread0" daemon [_thread_in_vm, id=43, stack(0x00007f494c61a000,0x00007f494c81a000)]
  0x00007f49680b36e0 JavaThread "C1 CompilerThread0" daemon [_thread_blocked, id=44, stack(0x00007f494c41a000,0x00007f494c61a000)]
  0x00007f49680b4b30 JavaThread "Sweeper thread" daemon [_thread_blocked, id=45, stack(0x00007f494c31a000,0x00007f494c41a000)]
  0x00007f4968100470 JavaThread "Common-Cleaner" daemon [_thread_blocked, id=46, stack(0x00007f494c21a000,0x00007f494c31a000)]
  0x00007f49681501d0 JavaThread "Notification Thread" daemon [_thread_blocked, id=48, stack(0x00007f494c11a000,0x00007f494c21a000)]
  0x00007f496835b080 JavaThread "Active Thread: Equinox Container: faf57485-036e-4aa8-a94b-c72bc3d2c5f8" [_thread_blocked, id=63, stack(0x00007f4914900000,0x00007f4914a00000)]
  0x00007f496838ff90 JavaThread "Framework Event Dispatcher: Equinox Container: faf57485-036e-4aa8-a94b-c72bc3d2c5f8" daemon [_thread_blocked, id=64, stack(0x00007f4914700000,0x00007f4914800000)]
  0x00007f49683911c0 JavaThread "Start Level: Equinox Container: faf57485-036e-4aa8-a94b-c72bc3d2c5f8" daemon [_thread_blocked, id=65, stack(0x00007f4914500000,0x00007f4914600000)]
  0x00007f4968435fc0 JavaThread "Refresh Thread: Equinox Container: faf57485-036e-4aa8-a94b-c72bc3d2c5f8" daemon [_thread_blocked, id=66, stack(0x00007f4914300000,0x00007f4914400000)]
  0x00007f48fc0171c0 JavaThread "SCR Component Actor" daemon [_thread_blocked, id=75, stack(0x00007f4914100000,0x00007f4914200000)]
  0x00007f48fc2a2cc0 JavaThread "Worker-JM" [_thread_blocked, id=80, stack(0x00007f4913d00000,0x00007f4913e00000)]
  0x00007f48fc484f80 JavaThread "Java indexing" daemon [_thread_blocked, id=88, stack(0x00007f4913700000,0x00007f4913800000)]
  0x00007f48fc5f01c0 JavaThread "Bundle File Closer" daemon [_thread_blocked, id=89, stack(0x00007f4913500000,0x00007f4913600000)]
  0x00007f4968389cd0 JavaThread "pool-3-thread-1" [_thread_blocked, id=93, stack(0x00007f4913300000,0x00007f4913400000)]
  0x00007f496851af20 JavaThread "pool-2-thread-1" [_thread_blocked, id=96, stack(0x00007f4912f00000,0x00007f4913000000)]
  0x00007f48d4001130 JavaThread "Worker-3: Java indexing... " [_thread_blocked, id=101, stack(0x00007f4912d00000,0x00007f4912e00000)]
  0x00007f48cc000ff0 JavaThread "Worker-4" [_thread_blocked, id=102, stack(0x00007f4912b00000,0x00007f4912c00000)]
  0x00007f48d40393b0 JavaThread "Worker-5" [_thread_blocked, id=137, stack(0x00007f4912900000,0x00007f4912a00000)]
  0x00007f48d045c990 JavaThread "Okio Watchdog" daemon [_thread_blocked, id=165, stack(0x00007f4912300000,0x00007f4912400000)]
  0x00007f48d8171e40 JavaThread "Thread-4" [_thread_blocked, id=2745, stack(0x00007f4913a00000,0x00007f4913b00000)]

Other Threads:
  0x00007f49680a1c10 VMThread "VM Thread" [stack: 0x00007f494d853000,0x00007f494d953000] [id=37] _threads_hazard_ptr=0x00007f48d81724c0
  0x00007f4968151b70 WatcherThread [stack: 0x00007f494c01a000,0x00007f494c11a000] [id=49]
  0x00007f496803df30 GCTaskThread "GC Thread#0" [stack: 0x00007f494f2b2000,0x00007f494f3b2000] [id=36]

Threads with active compile tasks:
JVMCI-native CompilerThread0   990054 8598       4       org.eclipse.core.internal.dtree.AbstractDataTreeNode::indexOfChild (75 bytes)

VM state: synchronizing (normal execution)

VM Mutex/Monitor currently owned by a thread:  ([mutex/lock_event])
[0x00007f4968023840] Threads_lock - owner thread: 0x00007f49680a1c10
[0x00007f4968023ff0] Heap_lock - owner thread: 0x00007f48d4001130

OutOfMemory and StackOverflow Exception counts:
OutOfMemoryError java_heap_errors=9
LinkageErrors=72

Heap address: 0x00000000e0000000, size: 512 MB, Compressed Oops mode: 32-bit

CDS archive(s) mapped at: [0x0000000800000000-0x0000000800bc8000-0x0000000800bc8000), size 12353536, SharedBaseAddress: 0x0000000800000000, ArchiveRelocationMode: 0.
Compressed class space mapped at: 0x0000000800c00000-0x0000000840c00000, reserved size: 1073741824
Narrow klass base: 0x0000000800000000, Narrow klass shift: 0, Narrow klass range: 0x100000000

GC Precious Log:
 CPUs: 8 total, 1 available
 Memory: 1024M
 Large Page Support: Disabled
 NUMA Support: Disabled
 Compressed Oops: Enabled (32-bit)
 Alignments: Space 512K, Generation 512K, Heap 2M
 Heap Min Capacity: 100M
 Heap Initial Capacity: 100M
 Heap Max Capacity: 512M
 Pre-touch: Disabled
 Parallel Workers: 1

Heap:
 PSYoungGen      total 55808K, used 39935K [0x00000000f5580000, 0x00000000f9d00000, 0x0000000100000000)
  eden space 39936K, 99% used [0x00000000f5580000,0x00000000f7c7fff0,0x00000000f7c80000)
  from space 15872K, 0% used [0x00000000f7c80000,0x00000000f7c80000,0x00000000f8c00000)
  to   space 12800K, 0% used [0x00000000f8c00000,0x00000000f8c00000,0x00000000f9880000)
 ParOldGen       total 349696K, used 349695K [0x00000000e0000000, 0x00000000f5580000, 0x00000000f5580000)
  object space 349696K, 99% used [0x00000000e0000000,0x00000000f557fff0,0x00000000f5580000)
 Metaspace       used 58932K, committed 60032K, reserved 1105920K
  class space    used 5846K, committed 6272K, reserved 1048576K

Card table byte_map: [0x00007f494f3b2000,0x00007f494f4b3000] _byte_map_base: 0x00007f494ecb2000

Marking Bits: (ParMarkBitMap*) 0x00007f496d6f14c0
 Begin Bits: [0x00007f494e205000, 0x00007f494ea05000)
 End Bits:   [0x00007f494ea05000, 0x00007f494f205000)

Polling page: 0x00007f496c2bb000

Metaspace:

Usage:
  Non-class:     51.84 MB used.
      Class:      5.71 MB used.
       Both:     57.55 MB used.

Virtual space:
  Non-class space:       56.00 MB reserved,      52.50 MB ( 94%) committed,  7 nodes.
      Class space:        1.00 GB reserved,       6.12 MB ( <1%) committed,  1 nodes.
             Both:        1.05 GB reserved,      58.62 MB (  5%) committed. 

Chunk freelists:
   Non-Class:  3.63 MB
       Class:  1.95 MB
        Both:  5.58 MB

MaxMetaspaceSize: unlimited
CompressedClassSpaceSize: 1.00 GB
Initial GC threshold: 21.00 MB
Current GC threshold: 97.75 MB
CDS: on
MetaspaceReclaimPolicy: balanced
 - commit_granule_bytes: 65536.
 - commit_granule_words: 8192.
 - virtual_space_node_default_size: 1048576.
 - enlarge_chunks_in_place: 1.
 - new_chunks_are_fully_committed: 0.
 - uncommit_free_chunks: 1.
 - use_allocation_guard: 0.
 - handle_deallocations: 1.


Internal statistics:

num_allocs_failed_limit: 6.
num_arena_births: 496.
num_arena_deaths: 148.
num_vsnodes_births: 8.
num_vsnodes_deaths: 0.
num_space_committed: 937.
num_space_uncommitted: 0.
num_chunks_returned_to_freelist: 209.
num_chunks_taken_from_freelist: 2796.
num_chunk_merges: 82.
num_chunk_splits: 1826.
num_chunks_enlarged: 1152.
num_purges: 6.
num_inconsistent_stats: 0.

CodeHeap 'non-profiled nmethods': size=120036Kb used=2711Kb max_used=2711Kb free=117324Kb
 bounds [0x00007f4956f7a000, 0x00007f495722a000, 0x00007f495e4b3000]
CodeHeap 'profiled nmethods': size=120032Kb used=15340Kb max_used=15340Kb free=104691Kb
 bounds [0x00007f494fa42000, 0x00007f4950942000, 0x00007f4956f7a000]
CodeHeap 'non-nmethods': size=5692Kb used=1390Kb max_used=1403Kb free=4301Kb
 bounds [0x00007f494f4b3000, 0x00007f494f723000, 0x00007f494fa42000]
 total_blobs=7983 nmethods=7255 adapters=628
 compilation: enabled
              stopped_count=0, restarted_count=0
 full_count=0

JVMCI Events (20 events):
Event: 572.391 Thread 0x00007f49680b21d0 compacted oop handles in JVMCI runtime 0 from 42 to 42
Event: 572.391 Thread 0x00007f49680b21d0 releasing handles for JVMCI runtime 0: oop handles=42, metadata handles={total=87, live=76, blocks=37}
Event: 572.391 Thread 0x00007f49680b21d0 detached from JVMCI runtime 0
Event: 855.377 Thread 0x00007f49680b21d0 attached to JVMCI runtime 0
Event: 855.379 Thread 0x00007f49680b21d0 created JavaVM[5]@0x00007f48b9e9e340 for JVMCI runtime 0
Event: 856.891 Thread 0x00007f49680b21d0 initializing JVMCI runtime 0
Event: 856.891 Thread 0x00007f49680b21d0 done waiting for JavaVM references initialization in JVMCI runtime 0
Event: 885.285 Thread 0x00007f49680b21d0 initialized JVMCI runtime 0
Event: 900.112 Thread 0x00007f49680b21d0 compacted oop handles in JVMCI runtime 0 from 66 to 64
Event: 901.688 Thread 0x00007f49680b21d0 detaching from JVMCI runtime 0: releasing idle compiler thread (0 other threads still attached)
Event: 901.688 Thread 0x00007f49680b21d0 shutting down HotSpotJVMCIRuntime for JVMCI runtime 0
Event: 901.689 Thread 0x00007f49680b21d0 shut down JVMCI runtime 0
Event: 901.692 Thread 0x00007f49680b21d0 destroyed JavaVM[5]@0x00007f48b9e9e340 for JVMCI runtime 0
Event: 901.692 Thread 0x00007f49680b21d0 compacted oop handles in JVMCI runtime 0 from 64 to 64
Event: 901.692 Thread 0x00007f49680b21d0 releasing handles for JVMCI runtime 0: oop handles=64, metadata handles={total=128, live=126, blocks=37}
Event: 901.692 Thread 0x00007f49680b21d0 detached from JVMCI runtime 0
Event: 953.937 Thread 0x00007f49680b21d0 attached to JVMCI runtime 0
Event: 953.939 Thread 0x00007f49680b21d0 created JavaVM[6]@0x00007f48b9e9e340 for JVMCI runtime 0
Event: 955.171 Thread 0x00007f49680b21d0 initializing JVMCI runtime 0
Event: 955.171 Thread 0x00007f49680b21d0 done waiting for JavaVM references initialization in JVMCI runtime 0

Compilation events (20 events):
Event: 731.659 Thread 0x00007f49680b36e0 nmethod 8588 0x00007f4950933510 code [0x00007f4950933720, 0x00007f49509341c0]
Event: 737.781 Thread 0x00007f49680b36e0 8589   !   3       com.google.gson.internal.reflect.UnsafeReflectionAccessor::makeAccessibleWithUnsafe (126 bytes)
Event: 743.998 Thread 0x00007f49680b36e0 nmethod 8589 0x00007f4950934410 code [0x00007f49509346a0, 0x00007f4950936480]
Event: 772.989 Thread 0x00007f49680b36e0 8590       3       com.google.gson.stream.JsonReader::nextName (116 bytes)
Event: 774.300 Thread 0x00007f49680b36e0 nmethod 8590 0x00007f4950936b90 code [0x00007f4950936e60, 0x00007f49509382c0]
Event: 775.505 Thread 0x00007f49680b36e0 8591       3       org.eclipse.osgi.framework.util.ArrayMap::getValue (11 bytes)
Event: 776.867 Thread 0x00007f49680b36e0 nmethod 8591 0x00007f4950938710 code [0x00007f49509388c0, 0x00007f4950938be0]
Event: 776.867 Thread 0x00007f49680b36e0 8592       3       org.eclipse.osgi.internal.log.EquinoxLogWriter::writeSpace (7 bytes)
Event: 779.593 Thread 0x00007f49680b36e0 nmethod 8592 0x00007f4950938c90 code [0x00007f4950938e60, 0x00007f4950939290]
Event: 855.377 Thread 0x00007f49680b21d0 8593       4       java.lang.Thread::interrupted (23 bytes)
Event: 885.296 Thread 0x00007f49680b21d0 nmethod 8593 0x00007f495721dc10 code [0x00007f495721dda0, 0x00007f495721de30]
Event: 885.296 Thread 0x00007f49680b21d0 8594       4       java.io.DataOutputStream::writeUTF (411 bytes)
Event: 900.112 Thread 0x00007f49680b21d0 nmethod 8594 0x00007f495721df10 code [0x00007f495721e180, 0x00007f495721f470]
Event: 903.126 Thread 0x00007f49680b36e0 8595 %     3       java.net.URI::quote @ 24 (214 bytes)
Event: 903.128 Thread 0x00007f49680b36e0 nmethod 8595% 0x00007f4950939390 code [0x00007f4950939780, 0x00007f495093b310]
Event: 919.110 Thread 0x00007f49680b36e0 8596       3       org.eclipse.core.internal.resources.AliasManager::findResources (34 bytes)
Event: 919.110 Thread 0x00007f49680b36e0 nmethod 8596 0x00007f495093bc90 code [0x00007f495093bec0, 0x00007f495093ca00]
Event: 919.111 Thread 0x00007f49680b36e0 8597       3       org.eclipse.core.internal.resources.AliasManager$$Lambda$313/0x0000000801128488::<init> (10 bytes)
Event: 919.111 Thread 0x00007f49680b36e0 nmethod 8597 0x00007f495093cd90 code [0x00007f495093cf40, 0x00007f495093d0b0]
Event: 953.937 Thread 0x00007f49680b21d0 8598       4       org.eclipse.core.internal.dtree.AbstractDataTreeNode::indexOfChild (75 bytes)

GC Heap History (20 events):
Event: 975.858 GC heap before
{Heap before GC invocations=796 (full 708):
 PSYoungGen      total 55808K, used 39936K [0x00000000f5580000, 0x00000000f9d00000, 0x0000000100000000)
  eden space 39936K, 100% used [0x00000000f5580000,0x00000000f7c80000,0x00000000f7c80000)
  from space 15872K, 0% used [0x00000000f7c80000,0x00000000f7c80000,0x00000000f8c00000)
  to   space 12800K, 0% used [0x00000000f8c00000,0x00000000f8c00000,0x00000000f9880000)
 ParOldGen       total 349696K, used 349696K [0x00000000e0000000, 0x00000000f5580000, 0x00000000f5580000)
  object space 349696K, 100% used [0x00000000e0000000,0x00000000f5580000,0x00000000f5580000)
 Metaspace       used 58932K, committed 60032K, reserved 1105920K
  class space    used 5846K, committed 6272K, reserved 1048576K
}
Event: 977.107 GC heap after
{Heap after GC invocations=796 (full 708):
 PSYoungGen      total 52736K, used 39936K [0x00000000f5580000, 0x00000000f9d00000, 0x0000000100000000)
  eden space 39936K, 100% used [0x00000000f5580000,0x00000000f7c80000,0x00000000f7c80000)
  from space 12800K, 0% used [0x00000000f8c00000,0x00000000f8c00000,0x00000000f9880000)
  to   space 15872K, 0% used [0x00000000f7c80000,0x00000000f7c80000,0x00000000f8c00000)
 ParOldGen       total 349696K, used 349695K [0x00000000e0000000, 0x00000000f5580000, 0x00000000f5580000)
  object space 349696K, 99% used [0x00000000e0000000,0x00000000f557fff0,0x00000000f5580000)
 Metaspace       used 58932K, committed 60032K, reserved 1105920K
  class space    used 5846K, committed 6272K, reserved 1048576K
}
Event: 977.107 GC heap before
{Heap before GC invocations=797 (full 709):
 PSYoungGen      total 52736K, used 39936K [0x00000000f5580000, 0x00000000f9d00000, 0x0000000100000000)
  eden space 39936K, 100% used [0x00000000f5580000,0x00000000f7c80000,0x00000000f7c80000)
  from space 12800K, 0% used [0x00000000f8c00000,0x00000000f8c00000,0x00000000f9880000)
  to   space 15872K, 0% used [0x00000000f7c80000,0x00000000f7c80000,0x00000000f8c00000)
 ParOldGen       total 349696K, used 349695K [0x00000000e0000000, 0x00000000f5580000, 0x00000000f5580000)
  object space 349696K, 99% used [0x00000000e0000000,0x00000000f557fff0,0x00000000f5580000)
 Metaspace       used 58932K, committed 60032K, reserved 1105920K
  class space    used 5846K, committed 6272K, reserved 1048576K
}
Event: 978.569 GC heap after
{Heap after GC invocations=797 (full 709):
 PSYoungGen      total 55808K, used 39936K [0x00000000f5580000, 0x00000000f9d00000, 0x0000000100000000)
  eden space 39936K, 100% used [0x00000000f5580000,0x00000000f7c80000,0x00000000f7c80000)
  from space 15872K, 0% used [0x00000000f7c80000,0x00000000f7c80000,0x00000000f8c00000)
  to   space 12800K, 0% used [0x00000000f8c00000,0x00000000f8c00000,0x00000000f9880000)
 ParOldGen       total 349696K, used 349695K [0x00000000e0000000, 0x00000000f5580000, 0x00000000f5580000)
  object space 349696K, 99% used [0x00000000e0000000,0x00000000f557fff0,0x00000000f5580000)
 Metaspace       used 58932K, committed 60032K, reserved 1105920K
  class space    used 5846K, committed 6272K, reserved 1048576K
}
Event: 978.571 GC heap before
{Heap before GC invocations=798 (full 710):
 PSYoungGen      total 55808K, used 39936K [0x00000000f5580000, 0x00000000f9d00000, 0x0000000100000000)
  eden space 39936K, 100% used [0x00000000f5580000,0x00000000f7c80000,0x00000000f7c80000)
  from space 15872K, 0% used [0x00000000f7c80000,0x00000000f7c80000,0x00000000f8c00000)
  to   space 12800K, 0% used [0x00000000f8c00000,0x00000000f8c00000,0x00000000f9880000)
 ParOldGen       total 349696K, used 349695K [0x00000000e0000000, 0x00000000f5580000, 0x00000000f5580000)
  object space 349696K, 99% used [0x00000000e0000000,0x00000000f557fff0,0x00000000f5580000)
 Metaspace       used 58932K, committed 60032K, reserved 1105920K
  class space    used 5846K, committed 6272K, reserved 1048576K
}
Event: 979.922 GC heap after
{Heap after GC invocations=798 (full 710):
 PSYoungGen      total 52736K, used 39936K [0x00000000f5580000, 0x00000000f9d00000, 0x0000000100000000)
  eden space 39936K, 100% used [0x00000000f5580000,0x00000000f7c80000,0x00000000f7c80000)
  from space 12800K, 0% used [0x00000000f8c00000,0x00000000f8c00000,0x00000000f9880000)
  to   space 15872K, 0% used [0x00000000f7c80000,0x00000000f7c80000,0x00000000f8c00000)
 ParOldGen       total 349696K, used 349695K [0x00000000e0000000, 0x00000000f5580000, 0x00000000f5580000)
  object space 349696K, 99% used [0x00000000e0000000,0x00000000f557fff0,0x00000000f5580000)
 Metaspace       used 58932K, committed 60032K, reserved 1105920K
  class space    used 5846K, committed 6272K, reserved 1048576K
}
Event: 979.922 GC heap before
{Heap before GC invocations=799 (full 711):
 PSYoungGen      total 52736K, used 39936K [0x00000000f5580000, 0x00000000f9d00000, 0x0000000100000000)
  eden space 39936K, 100% used [0x00000000f5580000,0x00000000f7c80000,0x00000000f7c80000)
  from space 12800K, 0% used [0x00000000f8c00000,0x00000000f8c00000,0x00000000f9880000)
  to   space 15872K, 0% used [0x00000000f7c80000,0x00000000f7c80000,0x00000000f8c00000)
 ParOldGen       total 349696K, used 349695K [0x00000000e0000000, 0x00000000f5580000, 0x00000000f5580000)
  object space 349696K, 99% used [0x00000000e0000000,0x00000000f557fff0,0x00000000f5580000)
 Metaspace       used 58932K, committed 60032K, reserved 1105920K
  class space    used 5846K, committed 6272K, reserved 1048576K
}
Event: 981.214 GC heap after
{Heap after GC invocations=799 (full 711):
 PSYoungGen      total 55808K, used 39936K [0x00000000f5580000, 0x00000000f9d00000, 0x0000000100000000)
  eden space 39936K, 100% used [0x00000000f5580000,0x00000000f7c80000,0x00000000f7c80000)
  from space 15872K, 0% used [0x00000000f7c80000,0x00000000f7c80000,0x00000000f8c00000)
  to   space 12800K, 0% used [0x00000000f8c00000,0x00000000f8c00000,0x00000000f9880000)
 ParOldGen       total 349696K, used 349695K [0x00000000e0000000, 0x00000000f5580000, 0x00000000f5580000)
  object space 349696K, 99% used [0x00000000e0000000,0x00000000f557fff0,0x00000000f5580000)
 Metaspace       used 58932K, committed 60032K, reserved 1105920K
  class space    used 5846K, committed 6272K, reserved 1048576K
}
Event: 981.214 GC heap before
{Heap before GC invocations=800 (full 712):
 PSYoungGen      total 55808K, used 39936K [0x00000000f5580000, 0x00000000f9d00000, 0x0000000100000000)
  eden space 39936K, 100% used [0x00000000f5580000,0x00000000f7c80000,0x00000000f7c80000)
  from space 15872K, 0% used [0x00000000f7c80000,0x00000000f7c80000,0x00000000f8c00000)
  to   space 12800K, 0% used [0x00000000f8c00000,0x00000000f8c00000,0x00000000f9880000)
 ParOldGen       total 349696K, used 349695K [0x00000000e0000000, 0x00000000f5580000, 0x00000000f5580000)
  object space 349696K, 99% used [0x00000000e0000000,0x00000000f557fff0,0x00000000f5580000)
 Metaspace       used 58932K, committed 60032K, reserved 1105920K
  class space    used 5846K, committed 6272K, reserved 1048576K
}
Event: 982.683 GC heap after
{Heap after GC invocations=800 (full 712):
 PSYoungGen      total 52736K, used 39935K [0x00000000f5580000, 0x00000000f9d00000, 0x0000000100000000)
  eden space 39936K, 99% used [0x00000000f5580000,0x00000000f7c7ffd0,0x00000000f7c80000)
  from space 12800K, 0% used [0x00000000f8c00000,0x00000000f8c00000,0x00000000f9880000)
  to   space 15872K, 0% used [0x00000000f7c80000,0x00000000f7c80000,0x00000000f8c00000)
 ParOldGen       total 349696K, used 349695K [0x00000000e0000000, 0x00000000f5580000, 0x00000000f5580000)
  object space 349696K, 99% used [0x00000000e0000000,0x00000000f557fff0,0x00000000f5580000)
 Metaspace       used 58932K, committed 60032K, reserved 1105920K
  class space    used 5846K, committed 6272K, reserved 1048576K
}
Event: 982.688 GC heap before
{Heap before GC invocations=801 (full 713):
 PSYoungGen      total 52736K, used 39935K [0x00000000f5580000, 0x00000000f9d00000, 0x0000000100000000)
  eden space 39936K, 99% used [0x00000000f5580000,0x00000000f7c7fff0,0x00000000f7c80000)
  from space 12800K, 0% used [0x00000000f8c00000,0x00000000f8c00000,0x00000000f9880000)
  to   space 15872K, 0% used [0x00000000f7c80000,0x00000000f7c80000,0x00000000f8c00000)
 ParOldGen       total 349696K, used 349695K [0x00000000e0000000, 0x00000000f5580000, 0x00000000f5580000)
  object space 349696K, 99% used [0x00000000e0000000,0x00000000f557fff0,0x00000000f5580000)
 Metaspace       used 58932K, committed 60032K, reserved 1105920K
  class space    used 5846K, committed 6272K, reserved 1048576K
}
Event: 984.271 GC heap after
{Heap after GC invocations=801 (full 713):
 PSYoungGen      total 55808K, used 39935K [0x00000000f5580000, 0x00000000f9d00000, 0x0000000100000000)
  eden space 39936K, 99% used [0x00000000f5580000,0x00000000f7c7fff0,0x00000000f7c80000)
  from space 15872K, 0% used [0x00000000f7c80000,0x00000000f7c80000,0x00000000f8c00000)
  to   space 12800K, 0% used [0x00000000f8c00000,0x00000000f8c00000,0x00000000f9880000)
 ParOldGen       total 349696K, used 349695K [0x00000000e0000000, 0x00000000f5580000, 0x00000000f5580000)
  object space 349696K, 99% used [0x00000000e0000000,0x00000000f557fff0,0x00000000f5580000)
 Metaspace       used 58932K, committed 60032K, reserved 1105920K
  class space    used 5846K, committed 6272K, reserved 1048576K
}
Event: 984.271 GC heap before
{Heap before GC invocations=802 (full 714):
 PSYoungGen      total 55808K, used 39935K [0x00000000f5580000, 0x00000000f9d00000, 0x0000000100000000)
  eden space 39936K, 99% used [0x00000000f5580000,0x00000000f7c7fff0,0x00000000f7c80000)
  from space 15872K, 0% used [0x00000000f7c80000,0x00000000f7c80000,0x00000000f8c00000)
  to   space 12800K, 0% used [0x00000000f8c00000,0x00000000f8c00000,0x00000000f9880000)
 ParOldGen       total 349696K, used 349695K [0x00000000e0000000, 0x00000000f5580000, 0x00000000f5580000)
  object space 349696K, 99% used [0x00000000e0000000,0x00000000f557fff0,0x00000000f5580000)
 Metaspace       used 58932K, committed 60032K, reserved 1105920K
  class space    used 5846K, committed 6272K, reserved 1048576K
}
Event: 985.654 GC heap after
{Heap after GC invocations=802 (full 714):
 PSYoungGen      total 52736K, used 39935K [0x00000000f5580000, 0x00000000f9d00000, 0x0000000100000000)
  eden space 39936K, 99% used [0x00000000f5580000,0x00000000f7c7fff0,0x00000000f7c80000)
  from space 12800K, 0% used [0x00000000f8c00000,0x00000000f8c00000,0x00000000f9880000)
  to   space 15872K, 0% used [0x00000000f7c80000,0x00000000f7c80000,0x00000000f8c00000)
 ParOldGen       total 349696K, used 349695K [0x00000000e0000000, 0x00000000f5580000, 0x00000000f5580000)
  object space 349696K, 99% used [0x00000000e0000000,0x00000000f557fff0,0x00000000f5580000)
 Metaspace       used 58932K, committed 60032K, reserved 1105920K
  class space    used 5846K, committed 6272K, reserved 1048576K
}
Event: 985.658 GC heap before
{Heap before GC invocations=803 (full 715):
 PSYoungGen      total 52736K, used 39936K [0x00000000f5580000, 0x00000000f9d00000, 0x0000000100000000)
  eden space 39936K, 100% used [0x00000000f5580000,0x00000000f7c80000,0x00000000f7c80000)
  from space 12800K, 0% used [0x00000000f8c00000,0x00000000f8c00000,0x00000000f9880000)
  to   space 15872K, 0% used [0x00000000f7c80000,0x00000000f7c80000,0x00000000f8c00000)
 ParOldGen       total 349696K, used 349696K [0x00000000e0000000, 0x00000000f5580000, 0x00000000f5580000)
  object space 349696K, 100% used [0x00000000e0000000,0x00000000f5580000,0x00000000f5580000)
 Metaspace       used 58932K, committed 60032K, reserved 1105920K
  class space    used 5846K, committed 6272K, reserved 1048576K
}
Event: 987.093 GC heap after
{Heap after GC invocations=803 (full 715):
 PSYoungGen      total 55808K, used 39935K [0x00000000f5580000, 0x00000000f9d00000, 0x0000000100000000)
  eden space 39936K, 99% used [0x00000000f5580000,0x00000000f7c7fff0,0x00000000f7c80000)
  from space 15872K, 0% used [0x00000000f7c80000,0x00000000f7c80000,0x00000000f8c00000)
  to   space 12800K, 0% used [0x00000000f8c00000,0x00000000f8c00000,0x00000000f9880000)
 ParOldGen       total 349696K, used 349695K [0x00000000e0000000, 0x00000000f5580000, 0x00000000f5580000)
  object space 349696K, 99% used [0x00000000e0000000,0x00000000f557fff0,0x00000000f5580000)
 Metaspace       used 58932K, committed 60032K, reserved 1105920K
  class space    used 5846K, committed 6272K, reserved 1048576K
}
Event: 987.098 GC heap before
{Heap before GC invocations=804 (full 716):
 PSYoungGen      total 55808K, used 39936K [0x00000000f5580000, 0x00000000f9d00000, 0x0000000100000000)
  eden space 39936K, 100% used [0x00000000f5580000,0x00000000f7c80000,0x00000000f7c80000)
  from space 15872K, 0% used [0x00000000f7c80000,0x00000000f7c80000,0x00000000f8c00000)
  to   space 12800K, 0% used [0x00000000f8c00000,0x00000000f8c00000,0x00000000f9880000)
 ParOldGen       total 349696K, used 349695K [0x00000000e0000000, 0x00000000f5580000, 0x00000000f5580000)
  object space 349696K, 99% used [0x00000000e0000000,0x00000000f557fff0,0x00000000f5580000)
 Metaspace       used 58932K, committed 60032K, reserved 1105920K
  class space    used 5846K, committed 6272K, reserved 1048576K
}
Event: 988.406 GC heap after
{Heap after GC invocations=804 (full 716):
 PSYoungGen      total 52736K, used 39935K [0x00000000f5580000, 0x00000000f9d00000, 0x0000000100000000)
  eden space 39936K, 99% used [0x00000000f5580000,0x00000000f7c7fff0,0x00000000f7c80000)
  from space 12800K, 0% used [0x00000000f8c00000,0x00000000f8c00000,0x00000000f9880000)
  to   space 15872K, 0% used [0x00000000f7c80000,0x00000000f7c80000,0x00000000f8c00000)
 ParOldGen       total 349696K, used 349695K [0x00000000e0000000, 0x00000000f5580000, 0x00000000f5580000)
  object space 349696K, 99% used [0x00000000e0000000,0x00000000f557fff0,0x00000000f5580000)
 Metaspace       used 58932K, committed 60032K, reserved 1105920K
  class space    used 5846K, committed 6272K, reserved 1048576K
}
Event: 988.406 GC heap before
{Heap before GC invocations=805 (full 717):
 PSYoungGen      total 52736K, used 39935K [0x00000000f5580000, 0x00000000f9d00000, 0x0000000100000000)
  eden space 39936K, 99% used [0x00000000f5580000,0x00000000f7c7fff0,0x00000000f7c80000)
  from space 12800K, 0% used [0x00000000f8c00000,0x00000000f8c00000,0x00000000f9880000)
  to   space 15872K, 0% used [0x00000000f7c80000,0x00000000f7c80000,0x00000000f8c00000)
 ParOldGen       total 349696K, used 349695K [0x00000000e0000000, 0x00000000f5580000, 0x00000000f5580000)
  object space 349696K, 99% used [0x00000000e0000000,0x00000000f557fff0,0x00000000f5580000)
 Metaspace       used 58932K, committed 60032K, reserved 1105920K
  class space    used 5846K, committed 6272K, reserved 1048576K
}
Event: 989.908 GC heap after
{Heap after GC invocations=805 (full 717):
 PSYoungGen      total 55808K, used 39935K [0x00000000f5580000, 0x00000000f9d00000, 0x0000000100000000)
  eden space 39936K, 99% used [0x00000000f5580000,0x00000000f7c7fff0,0x00000000f7c80000)
  from space 15872K, 0% used [0x00000000f7c80000,0x00000000f7c80000,0x00000000f8c00000)
  to   space 12800K, 0% used [0x00000000f8c00000,0x00000000f8c00000,0x00000000f9880000)
 ParOldGen       total 349696K, used 349695K [0x00000000e0000000, 0x00000000f5580000, 0x00000000f5580000)
  object space 349696K, 99% used [0x00000000e0000000,0x00000000f557fff0,0x00000000f5580000)
 Metaspace       used 58932K, committed 60032K, reserved 1105920K
  class space    used 5846K, committed 6272K, reserved 1048576K
}

Dll operation events (9 events):
Event: 0.001 Loaded shared library /nix/store/gpxl5qgg8kicmcvivwmybwjlpf7wh20l-graalvm17-ce-22.3.0/lib/libjava.so
Event: 0.005 Loaded shared library /nix/store/gpxl5qgg8kicmcvivwmybwjlpf7wh20l-graalvm17-ce-22.3.0/lib/libjsvml.so
Event: 0.175 Loaded shared library /nix/store/gpxl5qgg8kicmcvivwmybwjlpf7wh20l-graalvm17-ce-22.3.0/lib/libnio.so
Event: 0.179 Loaded shared library /nix/store/gpxl5qgg8kicmcvivwmybwjlpf7wh20l-graalvm17-ce-22.3.0/lib/libjvmcicompiler.so
Event: 0.180 Loaded shared library /nix/store/gpxl5qgg8kicmcvivwmybwjlpf7wh20l-graalvm17-ce-22.3.0/lib/libzip.so
Event: 0.568 Loaded shared library /nix/store/gpxl5qgg8kicmcvivwmybwjlpf7wh20l-graalvm17-ce-22.3.0/lib/libjimage.so
Event: 1.165 Loaded shared library /nix/store/gpxl5qgg8kicmcvivwmybwjlpf7wh20l-graalvm17-ce-22.3.0/lib/libnet.so
Event: 4.092 Loaded shared library /home/runner/.cache/jdt-language-server/config/org.eclipse.equinox.launcher/org.eclipse.equinox.launcher.gtk.linux.x86_64_1.2.400.v20211117-0650/eclipse_11600.so
Event: 12.356 Loaded shared library /nix/store/gpxl5qgg8kicmcvivwmybwjlpf7wh20l-graalvm17-ce-22.3.0/lib/libextnet.so

Deoptimization events (20 events):
Event: 63.577 Thread 0x00007f48fc484f80 DEOPT PACKING pc=0x00007f4950928d85 sp=0x00007f49137fe530
Event: 63.577 Thread 0x00007f48fc484f80 DEOPT UNPACKING pc=0x00007f494f505325 sp=0x00007f49137fda20 mode 0
Event: 63.670 Thread 0x00007f48fc484f80 DEOPT PACKING pc=0x00007f4950928d85 sp=0x00007f49137fe530
Event: 63.670 Thread 0x00007f48fc484f80 DEOPT UNPACKING pc=0x00007f494f505325 sp=0x00007f49137fda20 mode 0
Event: 882.584 Thread 0x00007f49680b21d0 DEOPT PACKING pc=0x00007f494fa6fc0a sp=0x00007f494c817f30
Event: 882.584 Thread 0x00007f49680b21d0 DEOPT UNPACKING pc=0x00007f494f505325 sp=0x00007f494c817458 mode 0
Event: 906.133 Thread 0x00007f48fc484f80 Uncommon trap: trap_request=0xffffff8f fr.pc=0x00007f495720ea25 relative=0x00000000000011e5
Event: 906.133 Thread 0x00007f48fc484f80 Uncommon trap: reason=constraint action=none pc=0x00007f495720ea25 method=org.eclipse.jdt.internal.core.index.DiskIndex.copyQueryResults(Lorg/eclipse/jdt/internal/compiler/util/HashtableOfObject;I)V @ 123 jvmci
Event: 906.133 Thread 0x00007f48fc484f80 DEOPT PACKING pc=0x00007f495720ea25 sp=0x00007f49137fe530
Event: 906.133 Thread 0x00007f48fc484f80 DEOPT UNPACKING pc=0x00007f494f505325 sp=0x00007f49137fda28 mode 3
Event: 909.264 Thread 0x00007f48fc484f80 Uncommon trap: trap_request=0xffffff8f fr.pc=0x00007f4957208694 relative=0x0000000000000274
Event: 909.264 Thread 0x00007f48fc484f80 Uncommon trap: reason=constraint action=none pc=0x00007f4957208694 method=org.eclipse.jdt.internal.core.index.DiskIndex$IntList.add(I)V @ 0 jvmci
Event: 909.264 Thread 0x00007f48fc484f80 DEOPT PACKING pc=0x00007f4957208694 sp=0x00007f49137fe500
Event: 909.264 Thread 0x00007f48fc484f80 DEOPT UNPACKING pc=0x00007f494f505325 sp=0x00007f49137fd9b0 mode 3
Event: 978.569 Thread 0x00007f496851af20 Uncommon trap: trap_request=0xffffff8f fr.pc=0x00007f4956f97d99 relative=0x00000000000002f9
Event: 978.569 Thread 0x00007f496851af20 Uncommon trap: reason=constraint action=none pc=0x00007f4956f97d99 method=java.lang.String.substring(II)Ljava/lang/String; @ 22 jvmci
Event: 981.214 Thread 0x00007f496851af20 DEOPT PACKING pc=0x00007f4956f97d99 sp=0x00007f4912ffc9a0
Event: 981.214 Thread 0x00007f496851af20 DEOPT UNPACKING pc=0x00007f494f505325 sp=0x00007f4912ffbe20 mode 3
Event: 985.654 Thread 0x00007f496851af20 Uncommon trap: trap_request=0xffffff8f fr.pc=0x00007f4956f903b0 relative=0x0000000000000290
Event: 985.654 Thread 0x00007f496851af20 Uncommon trap: reason=constraint action=none pc=0x00007f4956f903b0 method=java.util.Arrays.copyOfRange([BII)[B @ 61 jvmci

Classes unloaded (20 events):
Event: 147.255 Thread 0x00007f49680a1c10 Unloading class 0x0000000801104000 'jdk/internal/reflect/GeneratedConstructorAccessor36'
Event: 147.255 Thread 0x00007f49680a1c10 Unloading class 0x00000008010e4c00 'jdk/internal/reflect/GeneratedMethodAccessor10'
Event: 147.255 Thread 0x00007f49680a1c10 Unloading class 0x00000008010e4800 'jdk/internal/reflect/GeneratedMethodAccessor9'
Event: 147.255 Thread 0x00007f49680a1c10 Unloading class 0x00000008010e4400 'jdk/internal/reflect/GeneratedMethodAccessor8'
Event: 147.255 Thread 0x00007f49680a1c10 Unloading class 0x00000008010e4000 'jdk/internal/reflect/GeneratedMethodAccessor7'
Event: 147.255 Thread 0x00007f49680a1c10 Unloading class 0x00000008010c4000 'jdk/internal/reflect/GeneratedSerializationConstructorAccessor3'
Event: 147.255 Thread 0x00007f49680a1c10 Unloading class 0x0000000801092400 'jdk/internal/reflect/GeneratedSerializationConstructorAccessor2'
Event: 147.255 Thread 0x00007f49680a1c10 Unloading class 0x0000000801092000 'jdk/internal/reflect/GeneratedSerializationConstructorAccessor1'
Event: 147.255 Thread 0x00007f49680a1c10 Unloading class 0x0000000801060000 'java/lang/invoke/LambdaForm$MH+0x0000000801060000'
Event: 147.255 Thread 0x00007f49680a1c10 Unloading class 0x0000000801059c00 'java/lang/invoke/LambdaForm$MH+0x0000000801059c00'
Event: 147.255 Thread 0x00007f49680a1c10 Unloading class 0x0000000801059800 'java/lang/invoke/LambdaForm$MH+0x0000000801059800'
Event: 147.255 Thread 0x00007f49680a1c10 Unloading class 0x0000000801059400 'java/lang/invoke/LambdaForm$MH+0x0000000801059400'
Event: 147.255 Thread 0x00007f49680a1c10 Unloading class 0x0000000801059000 'java/lang/invoke/LambdaForm$MH+0x0000000801059000'
Event: 147.255 Thread 0x00007f49680a1c10 Unloading class 0x0000000801058c00 'java/lang/invoke/LambdaForm$MH+0x0000000801058c00'
Event: 147.255 Thread 0x00007f49680a1c10 Unloading class 0x0000000800eed000 'jdk/internal/reflect/GeneratedConstructorAccessor12'
Event: 147.255 Thread 0x00007f49680a1c10 Unloading class 0x0000000800eec800 'jdk/internal/reflect/GeneratedConstructorAccessor10'
Event: 147.255 Thread 0x00007f49680a1c10 Unloading class 0x0000000800eec400 'jdk/internal/reflect/GeneratedConstructorAccessor9'
Event: 147.255 Thread 0x00007f49680a1c10 Unloading class 0x0000000800eec000 'jdk/internal/reflect/GeneratedConstructorAccessor8'
Event: 147.255 Thread 0x00007f49680a1c10 Unloading class 0x0000000800d98400 'java/lang/invoke/LambdaForm$MH+0x0000000800d98400'
Event: 147.255 Thread 0x00007f49680a1c10 Unloading class 0x0000000800d04000 'java/lang/invoke/LambdaForm$MH+0x0000000800d04000'

Classes redefined (0 events):
No events

Internal exceptions (20 events):
Event: 41.955 Thread 0x00007f48cc000ff0 Exception <a 'java/lang/NoSuchMethodError'{0x00000000f6145e10}: 'java.lang.Object java.lang.invoke.Invokers$Holder.linkToTargetMethod(java.lang.Object, java.lang.Object, int, java.lang.Object, java.lang.Object)'> (0x00000000f6145e10) 
thrown [src/hotspot/share/interpreter/linkResolver.cpp, line 758]
Event: 43.989 Thread 0x00007f48f00010d0 Implicit null exception at 0x00007f49570bd742 to 0x00007f49570bdca3
Event: 48.559 Thread 0x00007f48d8171e40 Exception <a 'java/lang/NoSuchMethodError'{0x00000000f70e1cd0}: 'java.lang.Object java.lang.invoke.DirectMethodHandle$Holder.invokeStatic(java.lang.Object, int, java.lang.Object, java.lang.Object, java.lang.Object, java.lang.Object)'> (0x00000000f70e1cd0) 
thrown [src/hotspot/share/interpreter/linkResolver.cpp, line 758]
Event: 48.561 Thread 0x00007f48d8171e40 Exception <a 'java/lang/NoSuchMethodError'{0x00000000f71bd418}: 'java.lang.Object java.lang.invoke.DirectMethodHandle$Holder.newInvokeSpecial(java.lang.Object, int, java.lang.Object, java.lang.Object, java.lang.Object)'> (0x00000000f71bd418) 
thrown [src/hotspot/share/interpreter/linkResolver.cpp, line 758]
Event: 48.875 Thread 0x00007f48d8171e40 Exception <a 'java/lang/NoSuchMethodError'{0x00000000f61a1b88}: 'void java.lang.invoke.DirectMethodHandle$Holder.invokeSpecial(java.lang.Object, java.lang.Object, int)'> (0x00000000f61a1b88) 
thrown [src/hotspot/share/interpreter/linkResolver.cpp, line 758]
Event: 49.564 Thread 0x00007f48fc484f80 Implicit null exception at 0x00007f4957190d35 to 0x00007f4957191261
Event: 49.565 Thread 0x00007f48d8171e40 Exception <a 'java/lang/NoSuchMethodError'{0x00000000f600b178}: 'int java.lang.invoke.DirectMethodHandle$Holder.invokeSpecialIFC(java.lang.Object, java.lang.Object, java.lang.Object, java.lang.Object)'> (0x00000000f600b178) 
thrown [src/hotspot/share/interpreter/linkResolver.cpp, line 758]
Event: 906.133 Thread 0x00007f48fc484f80 Exception <a 'java/lang/OutOfMemoryError'{0x00000000e0004b60}> (0x00000000e0004b60) 
thrown [src/hotspot/share/gc/shared/memAllocator.cpp, line 138]
Event: 906.133 Thread 0x00007f48fc484f80 Implicit null exception at 0x00007f495720e48e to 0x00007f495720ea0a
Event: 909.264 Thread 0x00007f48fc484f80 Exception <a 'java/lang/OutOfMemoryError'{0x00000000e00045c0}> (0x00000000e00045c0) 
thrown [src/hotspot/share/gc/shared/memAllocator.cpp, line 138]
Event: 909.264 Thread 0x00007f48fc484f80 Implicit null exception at 0x00007f49572085ed to 0x00007f4957208679
Event: 940.693 Thread 0x00007f496851af20 Exception <a 'java/lang/OutOfMemoryError'{0x00000000e0004340}> (0x00000000e0004340) 
thrown [src/hotspot/share/gc/shared/memAllocator.cpp, line 136]
Event: 965.092 Thread 0x00007f48d8171e40 Exception <a 'java/lang/OutOfMemoryError'{0x00000000e0004340}> (0x00000000e0004340) 
thrown [src/hotspot/share/gc/shared/memAllocator.cpp, line 136]
Event: 973.217 Thread 0x00007f48d4001130 Exception <a 'java/lang/OutOfMemoryError'{0x00000000e0004340}> (0x00000000e0004340) 
thrown [src/hotspot/share/gc/shared/memAllocator.cpp, line 136]
Event: 978.569 Thread 0x00007f496851af20 Exception <a 'java/lang/OutOfMemoryError'{0x00000000e0004020}> (0x00000000e0004020) 
thrown [src/hotspot/share/gc/shared/memAllocator.cpp, line 138]
Event: 978.569 Thread 0x00007f496851af20 Implicit null exception at 0x00007f4956f97ca6 to 0x00007f4956f97d7e
Event: 981.214 Thread 0x00007f48d8171e40 Exception <a 'java/lang/OutOfMemoryError'{0x00000000e0004340}> (0x00000000e0004340) 
thrown [src/hotspot/share/gc/shared/memAllocator.cpp, line 136]
Event: 985.654 Thread 0x00007f496851af20 Exception <a 'java/lang/OutOfMemoryError'{0x00000000e0004020}> (0x00000000e0004020) 
thrown [src/hotspot/share/gc/shared/memAllocator.cpp, line 138]
Event: 985.654 Thread 0x00007f496851af20 Implicit null exception at 0x00007f4956f902cd to 0x00007f4956f90395
Event: 989.908 Thread 0x00007f49680b21d0 Exception <a 'java/lang/OutOfMemoryError'{0x00000000e0004340}> (0x00000000e0004340) 
thrown [src/hotspot/share/gc/shared/memAllocator.cpp, line 136]

VM Operations (20 events):
Event: 969.178 Executing VM operation: ParallelGCFailedAllocation
Event: 970.529 Executing VM operation: ParallelGCFailedAllocation done
Event: 970.529 Executing VM operation: ParallelGCFailedAllocation
Event: 973.217 Executing VM operation: ParallelGCFailedAllocation done
Event: 973.217 Executing VM operation: ParallelGCFailedAllocation
Event: 974.466 Executing VM operation: ParallelGCFailedAllocation done
Event: 974.467 Executing VM operation: ParallelGCFailedAllocation
Event: 975.835 Executing VM operation: ParallelGCFailedAllocation done
Event: 975.858 Executing VM operation: ParallelGCFailedAllocation
Event: 978.569 Executing VM operation: ParallelGCFailedAllocation done
Event: 978.569 Executing VM operation: ParallelGCFailedAllocation
Event: 981.214 Executing VM operation: ParallelGCFailedAllocation done
Event: 981.214 Executing VM operation: ParallelGCFailedAllocation
Event: 982.683 Executing VM operation: ParallelGCFailedAllocation done
Event: 982.683 Executing VM operation: ParallelGCFailedAllocation
Event: 985.654 Executing VM operation: ParallelGCFailedAllocation done
Event: 985.654 Executing VM operation: ParallelGCFailedAllocation
Event: 987.093 Executing VM operation: ParallelGCFailedAllocation done
Event: 987.098 Executing VM operation: ParallelGCFailedAllocation
Event: 989.908 Executing VM operation: ParallelGCFailedAllocation done

Events (20 events):
Event: 61.354 Thread 0x00007f496824eec0 Thread exited: 0x00007f496824eec0
Event: 93.200 Thread 0x00007f48f8005400 Thread exited: 0x00007f48f8005400
Event: 108.058 Thread 0x00007f48fc304e80 Thread exited: 0x00007f48fc304e80
Event: 108.058 Thread 0x00007f48f0007510 Thread exited: 0x00007f48f0007510
Event: 168.593 Thread 0x00007f48f00010d0 Thread exited: 0x00007f48f00010d0
Event: 371.670 loading class java/io/InterruptedIOException
Event: 374.186 loading class java/io/InterruptedIOException done
Event: 374.186 loading class javax/net/ssl/SSLException
Event: 380.762 loading class javax/net/ssl/SSLException done
Event: 384.866 loading class java/lang/AssertionError
Event: 384.866 loading class java/lang/AssertionError done
Event: 384.866 Thread 0x00007f48d0457e60 Thread exited: 0x00007f48d0457e60
Event: 387.368 Thread 0x00007f48f8003d40 Thread exited: 0x00007f48f8003d40
Event: 439.487 Thread 0x00007f48d04583e0 Thread exited: 0x00007f48d04583e0
Event: 897.073 Thread 0x00007f48d8171e40 Thread added: 0x00007f48d8171e40
Event: 897.073 Protecting memory [0x00007f4913a00000,0x00007f4913a04000] with protection modes 0
Event: 966.515 loading class java/util/regex/PatternSyntaxException
Event: 966.515 loading class java/util/regex/PatternSyntaxException done
Event: 967.917 loading class java/util/concurrent/CompletionException
Event: 981.214 loading class java/util/concurrent/CompletionException done


Dynamic libraries:
e0000000-f5580000 rw-p 00000000 00:00 0 
f5580000-f9d00000 rw-p 00000000 00:00 0 
f9d00000-100000000 ---p 00000000 00:00 0 
800000000-800449000 rw-p 00001000 00:1710 4611686019135357769            /nix/store/gpxl5qgg8kicmcvivwmybwjlpf7wh20l-graalvm17-ce-22.3.0/lib/server/classes.jsa
800449000-800bc8000 r--p 0044a000 00:1710 4611686019135357769            /nix/store/gpxl5qgg8kicmcvivwmybwjlpf7wh20l-graalvm17-ce-22.3.0/lib/server/classes.jsa
800bc8000-800c00000 ---p 00000000 00:00 0 
800c00000-800c20000 rw-p 00000000 00:00 0 
800c20000-800c40000 rw-p 00000000 00:00 0 
800c40000-800cc0000 rw-p 00000000 00:00 0 
800cc0000-800d00000 rw-p 00000000 00:00 0 
800d00000-800dc0000 rw-p 00000000 00:00 0 
800dc0000-800e00000 rw-p 00000000 00:00 0 
800e00000-800f40000 rw-p 00000000 00:00 0 
800f40000-800fc0000 rw-p 00000000 00:00 0 
800fc0000-801000000 rw-p 00000000 00:00 0 
801000000-801220000 rw-p 00000000 00:00 0 
801220000-840c00000 ---p 00000000 00:00 0 
562dcb082000-562dcb083000 r-xp 00000000 00:1710 4611686019099417844      /nix/store/gpxl5qgg8kicmcvivwmybwjlpf7wh20l-graalvm17-ce-22.3.0/bin/.java-wrapped
562dcb084000-562dcb085000 r--p 00001000 00:1710 4611686019099417844      /nix/store/gpxl5qgg8kicmcvivwmybwjlpf7wh20l-graalvm17-ce-22.3.0/bin/.java-wrapped
562dcb085000-562dcb086000 rw-p 00002000 00:1710 4611686019099417844      /nix/store/gpxl5qgg8kicmcvivwmybwjlpf7wh20l-graalvm17-ce-22.3.0/bin/.java-wrapped
562dcb086000-562dcb087000 rw-p 00004000 00:1710 4611686019099417844      /nix/store/gpxl5qgg8kicmcvivwmybwjlpf7wh20l-graalvm17-ce-22.3.0/bin/.java-wrapped
562dcb087000-562dcb088000 rw-p 00005000 00:1710 4611686019099417844      /nix/store/gpxl5qgg8kicmcvivwmybwjlpf7wh20l-graalvm17-ce-22.3.0/bin/.java-wrapped
562dcc219000-562dcc261000 rw-p 00000000 00:00 0                          [heap]
7f48a4000000-7f48a4021000 rw-p 00000000 00:00 0 
7f48a4021000-7f48a8000000 ---p 00000000 00:00 0 
7f48a8000000-7f48a8116000 rw-p 00000000 00:00 0 
7f48a8116000-7f48ac000000 ---p 00000000 00:00 0 
7f48ac000000-7f48ac021000 rw-p 00000000 00:00 0 
7f48ac021000-7f48b0000000 ---p 00000000 00:00 0 
7f48b0000000-7f48b0021000 rw-p 00000000 00:00 0 
7f48b0021000-7f48b4000000 ---p 00000000 00:00 0 
7f48b4000000-7f48b4021000 rw-p 00000000 00:00 0 
7f48b4021000-7f48b8000000 ---p 00000000 00:00 0 
7f48b9200000-7f48b9300000 ---p 00000000 00:00 0 
7f48b9300000-7f48b98af000 r--p 01122000 00:1710 4611686019135190040      /nix/store/gpxl5qgg8kicmcvivwmybwjlpf7wh20l-graalvm17-ce-22.3.0/lib/libjvmcicompiler.so
7f48b98af000-7f48b9a00000 r--p 00000000 00:00 0 
7f48b9a00000-7f48b9a3d000 rw-p 00000000 00:00 0 
7f48b9a3d000-7f48b9f5d000 rw-p 0185f000 00:1710 4611686019135190040      /nix/store/gpxl5qgg8kicmcvivwmybwjlpf7wh20l-graalvm17-ce-22.3.0/lib/libjvmcicompiler.so
7f48b9f5d000-7f48ba344000 r--p 01d7f000 00:1710 4611686019135190040      /nix/store/gpxl5qgg8kicmcvivwmybwjlpf7wh20l-graalvm17-ce-22.3.0/lib/libjvmcicompiler.so
7f48ba400000-7f48ba880000 rw-p 00000000 00:00 0 
7f48ba880000-7f48bac00000 ---p 00000000 00:00 0 
7f48bb800000-7f48bb980000 rw-p 00000000 00:00 0 
7f48bb980000-7f48bba00000 rw-p 00000000 00:00 0 
7f48bba00000-7f48bbda0000 rw-p 00000000 00:00 0 
7f48bbda0000-7f48bbe00000 rw-p 00000000 00:00 0 
7f48bbe00000-7f48bc000000 rw-p 00000000 00:00 0 
7f48bc000000-7f48bc021000 rw-p 00000000 00:00 0 
7f48bc021000-7f48c0000000 ---p 00000000 00:00 0 
7f48c08b3000-7f48ca400000 r--s 00000000 00:1710 4611686019135192581      /nix/store/gpxl5qgg8kicmcvivwmybwjlpf7wh20l-graalvm17-ce-22.3.0/lib/modules
7f48ca400000-7f48ca500000 rw-p 00000000 00:00 0 
7f48ca500000-7f48ca600000 rw-p 00000000 00:00 0 
7f48ca600000-7f48cac00000 rw-p 00000000 00:00 0 
7f48cb800000-7f48cb880000 rw-p 00000000 00:00 0 
7f48cb880000-7f48cb900000 rw-p 00000000 00:00 0 
7f48cb900000-7f48cbb00000 rw-p 00000000 00:00 0 
7f48cbb00000-7f48cbd00000 rw-p 00000000 00:00 0 
7f48cbd00000-7f48cbe00000 rw-p 00000000 00:00 0 
7f48cbe00000-7f48cc000000 rw-p 00000000 00:00 0 
7f48cc000000-7f48cc021000 rw-p 00000000 00:00 0 
7f48cc021000-7f48d0000000 ---p 00000000 00:00 0 
7f48d0000000-7f48d051d000 rw-p 00000000 00:00 0 
7f48d051d000-7f48d4000000 ---p 00000000 00:00 0 
7f48d4000000-7f48d40f5000 rw-p 00000000 00:00 0 
7f48d40f5000-7f48d8000000 ---p 00000000 00:00 0 
7f48d8000000-7f48d8185000 rw-p 00000000 00:00 0 
7f48d8185000-7f48dc000000 ---p 00000000 00:00 0 
7f48dc000000-7f48dc021000 rw-p 00000000 00:00 0 
7f48dc021000-7f48e0000000 ---p 00000000 00:00 0 
7f48e0000000-7f48e0021000 rw-p 00000000 00:00 0 
7f48e0021000-7f48e4000000 ---p 00000000 00:00 0 
7f48e4000000-7f48e41c1000 rw-p 00000000 00:00 0 
7f48e41c1000-7f48e8000000 ---p 00000000 00:00 0 
7f48e8000000-7f48e8055000 rw-p 00000000 00:00 0 
7f48e8055000-7f48ec000000 ---p 00000000 00:00 0 
7f48ec000000-7f48ec021000 rw-p 00000000 00:00 0 
7f48ec021000-7f48f0000000 ---p 00000000 00:00 0 
7f48f0000000-7f48f0379000 rw-p 00000000 00:00 0 
7f48f0379000-7f48f4000000 ---p 00000000 00:00 0 
7f48f4000000-7f48f4021000 rw-p 00000000 00:00 0 
7f48f4021000-7f48f8000000 ---p 00000000 00:00 0 
7f48f8000000-7f48f8021000 rw-p 00000000 00:00 0 
7f48f8021000-7f48fc000000 ---p 00000000 00:00 0 
7f48fc000000-7f48fc8bb000 rw-p 00000000 00:00 0 
7f48fc8bb000-7f4900000000 ---p 00000000 00:00 0 
7f4900000000-7f4900022000 rw-p 00000000 00:00 0 
7f4900022000-7f4904000000 ---p 00000000 00:00 0 
7f4904000000-7f4904021000 rw-p 00000000 00:00 0 
7f4904021000-7f4908000000 ---p 00000000 00:00 0 
7f4908000000-7f4908021000 rw-p 00000000 00:00 0 
7f4908021000-7f490c000000 ---p 00000000 00:00 0 
7f490c000000-7f490c021000 rw-p 00000000 00:00 0 
7f490c021000-7f4910000000 ---p 00000000 00:00 0 
7f4910000000-7f4910100000 rw-p 00000000 00:00 0 
7f4910100000-7f4910200000 rw-p 00000000 00:00 0 
7f4910200000-7f4910780000 rw-p 00000000 00:00 0 
7f4910780000-7f4910800000 rw-p 00000000 00:00 0 
7f4910800000-7f4910900000 rw-p 00000000 00:00 0 
7f4910900000-7f4910a00000 rw-p 00000000 00:00 0 
7f4910a00000-7f4910d00000 rw-p 00000000 00:00 0 
7f4910d00000-7f4910e00000 rw-p 00000000 00:00 0 
7f4910e00000-7f4911000000 rw-p 00000000 00:00 0 
7f4911000000-7f4911010000 r-xp 00000000 00:15fc 366                      /home/runner/.cache/jdt-language-server/config/org.eclipse.equinox.launcher/org.eclipse.equinox.launcher.gtk.linux.x86_64_1.2.400.v20211117-0650/eclipse_11600.so
7f4911010000-7f491120f000 ---p 00010000 00:15fc 366                      /home/runner/.cache/jdt-language-server/config/org.eclipse.equinox.launcher/org.eclipse.equinox.launcher.gtk.linux.x86_64_1.2.400.v20211117-0650/eclipse_11600.so
7f491120f000-7f4911210000 r--p 0000f000 00:15fc 366                      /home/runner/.cache/jdt-language-server/config/org.eclipse.equinox.launcher/org.eclipse.equinox.launcher.gtk.linux.x86_64_1.2.400.v20211117-0650/eclipse_11600.so
7f4911210000-7f4911211000 rw-p 00010000 00:15fc 366                      /home/runner/.cache/jdt-language-server/config/org.eclipse.equinox.launcher/org.eclipse.equinox.launcher.gtk.linux.x86_64_1.2.400.v20211117-0650/eclipse_11600.so
7f4912300000-7f4912304000 ---p 00000000 00:00 0 
7f4912304000-7f4912400000 rw-p 00000000 00:00 0 
7f4912500000-7f4912504000 ---p 00000000 00:00 0 
7f4912504000-7f4912600000 rw-p 00000000 00:00 0 
7f4912700000-7f4912704000 ---p 00000000 00:00 0 
7f4912704000-7f4912800000 rw-p 00000000 00:00 0 
7f4912900000-7f4912904000 ---p 00000000 00:00 0 
7f4912904000-7f4912a00000 rw-p 00000000 00:00 0 
7f4912b00000-7f4912b04000 ---p 00000000 00:00 0 
7f4912b04000-7f4912c00000 rw-p 00000000 00:00 0 
7f4912d00000-7f4912d04000 ---p 00000000 00:00 0 
7f4912d04000-7f4912e00000 rw-p 00000000 00:00 0 
7f4912f00000-7f4912f04000 ---p 00000000 00:00 0 
7f4912f04000-7f4913000000 rw-p 00000000 00:00 0 
7f4913100000-7f4913104000 ---p 00000000 00:00 0 
7f4913104000-7f4913200000 rw-p 00000000 00:00 0 
7f4913200000-7f4913204000 ---p 00000000 00:00 0 
7f4913204000-7f4913300000 rw-p 00000000 00:00 0 
7f4913300000-7f4913304000 ---p 00000000 00:00 0 
7f4913304000-7f4913400000 rw-p 00000000 00:00 0 
7f4913500000-7f4913504000 ---p 00000000 00:00 0 
7f4913504000-7f4913600000 rw-p 00000000 00:00 0 
7f4913700000-7f4913704000 ---p 00000000 00:00 0 
7f4913704000-7f4913800000 rw-p 00000000 00:00 0 
7f4913900000-7f4913904000 ---p 00000000 00:00 0 
7f4913904000-7f4913a00000 rw-p 00000000 00:00 0 
7f4913a00000-7f4913a04000 ---p 00000000 00:00 0 
7f4913a04000-7f4913b00000 rw-p 00000000 00:00 0 
7f4913b00000-7f4913b04000 ---p 00000000 00:00 0 
7f4913b04000-7f4913c00000 rw-p 00000000 00:00 0 
7f4913d00000-7f4913d04000 ---p 00000000 00:00 0 
7f4913d04000-7f4913e00000 rw-p 00000000 00:00 0 
7f4913f00000-7f4913f04000 ---p 00000000 00:00 0 
7f4913f04000-7f4914000000 rw-p 00000000 00:00 0 
7f4914100000-7f4914104000 ---p 00000000 00:00 0 
7f4914104000-7f4914200000 rw-p 00000000 00:00 0 
7f4914300000-7f4914304000 ---p 00000000 00:00 0 
7f4914304000-7f4914400000 rw-p 00000000 00:00 0 
7f4914500000-7f4914504000 ---p 00000000 00:00 0 
7f4914504000-7f4914600000 rw-p 00000000 00:00 0 
7f4914700000-7f4914704000 ---p 00000000 00:00 0 
7f4914704000-7f4914800000 rw-p 00000000 00:00 0 
7f4914900000-7f4914904000 ---p 00000000 00:00 0 
7f4914904000-7f4914a00000 rw-p 00000000 00:00 0 
7f4915668000-7f4915b00000 rw-p 00000000 00:00 0 
7f4915c00000-7f4917d6a000 r-xp 00000000 00:1710 4611686019135190040      /nix/store/gpxl5qgg8kicmcvivwmybwjlpf7wh20l-graalvm17-ce-22.3.0/lib/libjvmcicompiler.so
7f4917d6a000-7f4917f69000 ---p 0216a000 00:1710 4611686019135190040      /nix/store/gpxl5qgg8kicmcvivwmybwjlpf7wh20l-graalvm17-ce-22.3.0/lib/libjvmcicompiler.so
7f4917f69000-7f4917f6a000 r--p 02169000 00:1710 4611686019135190040      /nix/store/gpxl5qgg8kicmcvivwmybwjlpf7wh20l-graalvm17-ce-22.3.0/lib/libjvmcicompiler.so
7f4917f6a000-7f4917f6c000 rw-p 0216a000 00:1710 4611686019135190040      /nix/store/gpxl5qgg8kicmcvivwmybwjlpf7wh20l-graalvm17-ce-22.3.0/lib/libjvmcicompiler.so
7f4917f6c000-7f4917f6d000 rw-p 00000000 00:00 0 
7f4917f6d000-7f4917f72000 rw-p 023c3000 00:1710 4611686019135190040      /nix/store/gpxl5qgg8kicmcvivwmybwjlpf7wh20l-graalvm17-ce-22.3.0/lib/libjvmcicompiler.so
7f4918000000-7f4918021000 rw-p 00000000 00:00 0 
7f4918021000-7f491c000000 ---p 00000000 00:00 0 
7f491c000000-7f491c021000 rw-p 00000000 00:00 0 
7f491c021000-7f4920000000 ---p 00000000 00:00 0 
7f4920000000-7f4920021000 rw-p 00000000 00:00 0 
7f4920021000-7f4924000000 ---p 00000000 00:00 0 
7f4924000000-7f4924021000 rw-p 00000000 00:00 0 
7f4924021000-7f4928000000 ---p 00000000 00:00 0 
7f4928000000-7f49280ce000 rw-p 00000000 00:00 0 
7f49280ce000-7f492c000000 ---p 00000000 00:00 0 
7f492c000000-7f492c848000 rw-p 00000000 00:00 0 
7f492c848000-7f4930000000 ---p 00000000 00:00 0 
7f4930000000-7f4930021000 rw-p 00000000 00:00 0 
7f4930021000-7f4934000000 ---p 00000000 00:00 0 
7f4934000000-7f4934021000 rw-p 00000000 00:00 0 
7f4934021000-7f4938000000 ---p 00000000 00:00 0 
7f4938000000-7f4938021000 rw-p 00000000 00:00 0 
7f4938021000-7f493c000000 ---p 00000000 00:00 0 
7f493c000000-7f493c021000 rw-p 00000000 00:00 0 
7f493c021000-7f4940000000 ---p 00000000 00:00 0 
7f4940000000-7f4940021000 rw-p 00000000 00:00 0 
7f4940021000-7f4944000000 ---p 00000000 00:00 0 
7f4944000000-7f4944021000 rw-p 00000000 00:00 0 
7f4944021000-7f4948000000 ---p 00000000 00:00 0 
7f4948000000-7f4948058000 rw-p 00000000 00:00 0 
7f4948058000-7f494c000000 ---p 00000000 00:00 0 
7f494c018000-7f494c019000 ---p 00000000 00:00 0 
7f494c019000-7f494c11a000 rw-p 00000000 00:00 0 
7f494c11a000-7f494c11e000 ---p 00000000 00:00 0 
7f494c11e000-7f494c21a000 rw-p 00000000 00:00 0 
7f494c21a000-7f494c21e000 ---p 00000000 00:00 0 
7f494c21e000-7f494c31a000 rw-p 00000000 00:00 0 
7f494c31a000-7f494c31e000 ---p 00000000 00:00 0 
7f494c31e000-7f494c41a000 rw-p 00000000 00:00 0 
7f494c41a000-7f494c41e000 ---p 00000000 00:00 0 
7f494c41e000-7f494c61a000 rw-p 00000000 00:00 0 
7f494c61a000-7f494c61e000 ---p 00000000 00:00 0 
7f494c61e000-7f494c81a000 rw-p 00000000 00:00 0 
7f494c81a000-7f494c81e000 ---p 00000000 00:00 0 
7f494c81e000-7f494c91a000 rw-p 00000000 00:00 0 
7f494c91a000-7f494c91e000 ---p 00000000 00:00 0 
7f494c91e000-7f494ca1a000 rw-p 00000000 00:00 0 
7f494ca1a000-7f494ca1e000 ---p 00000000 00:00 0 
7f494ca1e000-7f494cb1a000 rw-p 00000000 00:00 0 
7f494cb1a000-7f494ce00000 r--p 00000000 00:15d4 28444448                 /usr/lib/locale/locale-archive
7f494ce00000-7f494ce04000 ---p 00000000 00:00 0 
7f494ce04000-7f494cf00000 rw-p 00000000 00:00 0 
7f494cf00000-7f494cf04000 ---p 00000000 00:00 0 
7f494cf04000-7f494d400000 rw-p 00000000 00:00 0 
7f494d400000-7f494d700000 rw-p 00000000 00:00 0 
7f494d700000-7f494d800000 rw-p 00000000 00:00 0 
7f494d82f000-7f494d833000 ---p 00000000 00:00 0 
7f494d833000-7f494d851000 rw-p 00000000 00:00 0 
7f494d851000-7f494d852000 ---p 00000000 00:00 0 
7f494d852000-7f494d953000 rw-p 00000000 00:00 0 
7f494d953000-7f494da21000 r-xp 00000000 00:1710 4611686019135190036      /nix/store/gpxl5qgg8kicmcvivwmybwjlpf7wh20l-graalvm17-ce-22.3.0/lib/libjsvml.so
7f494da21000-7f494da22000 r--p 000cd000 00:1710 4611686019135190036      /nix/store/gpxl5qgg8kicmcvivwmybwjlpf7wh20l-graalvm17-ce-22.3.0/lib/libjsvml.so
7f494da22000-7f494da23000 rw-p 000ce000 00:1710 4611686019135190036      /nix/store/gpxl5qgg8kicmcvivwmybwjlpf7wh20l-graalvm17-ce-22.3.0/lib/libjsvml.so
7f494da23000-7f494f2b0000 rw-p 00000000 00:00 0 
7f494f2b0000-7f494f2b1000 ---p 00000000 00:00 0 
7f494f2b1000-7f494f45c000 rw-p 00000000 00:00 0 
7f494f45c000-7f494f481000 rw-p 00000000 00:00 0 
7f494f481000-7f494f4b2000 ---p 00000000 00:00 0 
7f494f4b2000-7f494f4b3000 rw-p 00000000 00:00 0 
7f494f4b3000-7f494f723000 rwxp 00000000 00:00 0 
7f494f723000-7f494fa42000 ---p 00000000 00:00 0 
7f494fa42000-7f4950942000 rwxp 00000000 00:00 0 
7f4950942000-7f4956f7a000 ---p 00000000 00:00 0 
7f4956f7a000-7f495722a000 rwxp 00000000 00:00 0 
7f495722a000-7f495e4b3000 ---p 00000000 00:00 0 
7f495e4b3000-7f4968000000 r--s 00000000 00:1710 4611686019135192581      /nix/store/gpxl5qgg8kicmcvivwmybwjlpf7wh20l-graalvm17-ce-22.3.0/lib/modules
7f4968000000-7f496865b000 rw-p 00000000 00:00 0 
7f496865b000-7f496c000000 ---p 00000000 00:00 0 
7f496c011000-7f496c013000 r-xp 00000000 00:1710 4611686019135190017      /nix/store/gpxl5qgg8kicmcvivwmybwjlpf7wh20l-graalvm17-ce-22.3.0/lib/libextnet.so
7f496c013000-7f496c014000 r--p 00001000 00:1710 4611686019135190017      /nix/store/gpxl5qgg8kicmcvivwmybwjlpf7wh20l-graalvm17-ce-22.3.0/lib/libextnet.so
7f496c014000-7f496c015000 rw-p 00002000 00:1710 4611686019135190017      /nix/store/gpxl5qgg8kicmcvivwmybwjlpf7wh20l-graalvm17-ce-22.3.0/lib/libextnet.so
7f496c015000-7f496c016000 rw-p 00004000 00:1710 4611686019135190017      /nix/store/gpxl5qgg8kicmcvivwmybwjlpf7wh20l-graalvm17-ce-22.3.0/lib/libextnet.so
7f496c016000-7f496c01d000 r-xp 00000000 00:1710 4611686019135192580      /nix/store/gpxl5qgg8kicmcvivwmybwjlpf7wh20l-graalvm17-ce-22.3.0/lib/libzip.so
7f496c01d000-7f496c01e000 ---p 00007000 00:1710 4611686019135192580      /nix/store/gpxl5qgg8kicmcvivwmybwjlpf7wh20l-graalvm17-ce-22.3.0/lib/libzip.so
7f496c01e000-7f496c01f000 r--p 00007000 00:1710 4611686019135192580      /nix/store/gpxl5qgg8kicmcvivwmybwjlpf7wh20l-graalvm17-ce-22.3.0/lib/libzip.so
7f496c01f000-7f496c020000 rw-p 00008000 00:1710 4611686019135192580      /nix/store/gpxl5qgg8kicmcvivwmybwjlpf7wh20l-graalvm17-ce-22.3.0/lib/libzip.so
7f496c020000-7f496c022000 rw-p 0000b000 00:1710 4611686019135192580      /nix/store/gpxl5qgg8kicmcvivwmybwjlpf7wh20l-graalvm17-ce-22.3.0/lib/libzip.so
7f496c022000-7f496c037000 r-xp 00000000 00:1710 4611686019135192570      /nix/store/gpxl5qgg8kicmcvivwmybwjlpf7wh20l-graalvm17-ce-22.3.0/lib/libnet.so
7f496c037000-7f496c038000 ---p 00015000 00:1710 4611686019135192570      /nix/store/gpxl5qgg8kicmcvivwmybwjlpf7wh20l-graalvm17-ce-22.3.0/lib/libnet.so
7f496c038000-7f496c039000 r--p 00015000 00:1710 4611686019135192570      /nix/store/gpxl5qgg8kicmcvivwmybwjlpf7wh20l-graalvm17-ce-22.3.0/lib/libnet.so
7f496c039000-7f496c03a000 rw-p 00016000 00:1710 4611686019135192570      /nix/store/gpxl5qgg8kicmcvivwmybwjlpf7wh20l-graalvm17-ce-22.3.0/lib/libnet.so
7f496c03a000-7f496c03d000 rw-p 0001b000 00:1710 4611686019135192570      /nix/store/gpxl5qgg8kicmcvivwmybwjlpf7wh20l-graalvm17-ce-22.3.0/lib/libnet.so
7f496c03d000-7f496c050000 r-xp 00000000 00:1710 4611686019135192571      /nix/store/gpxl5qgg8kicmcvivwmybwjlpf7wh20l-graalvm17-ce-22.3.0/lib/libnio.so
7f496c050000-7f496c051000 r--p 00012000 00:1710 4611686019135192571      /nix/store/gpxl5qgg8kicmcvivwmybwjlpf7wh20l-graalvm17-ce-22.3.0/lib/libnio.so
7f496c051000-7f496c052000 rw-p 00013000 00:1710 4611686019135192571      /nix/store/gpxl5qgg8kicmcvivwmybwjlpf7wh20l-graalvm17-ce-22.3.0/lib/libnio.so
7f496c052000-7f496c057000 rw-p 00019000 00:1710 4611686019135192571      /nix/store/gpxl5qgg8kicmcvivwmybwjlpf7wh20l-graalvm17-ce-22.3.0/lib/libnio.so
7f496c057000-7f496c0a8000 rw-p 00000000 00:00 0 
7f496c0a8000-7f496c18d000 ---p 00000000 00:00 0 
7f496c18d000-7f496c1ab000 rw-p 00000000 00:00 0 
7f496c1ab000-7f496c278000 ---p 00000000 00:00 0 
7f496c278000-7f496c27d000 rw-p 00000000 00:00 0 
7f496c27d000-7f496c284000 ---p 00000000 00:00 0 
7f496c284000-7f496c2a8000 r-xp 00000000 00:1710 4611686019135190028      /nix/store/gpxl5qgg8kicmcvivwmybwjlpf7wh20l-graalvm17-ce-22.3.0/lib/libjava.so
7f496c2a8000-7f496c2a9000 ---p 00024000 00:1710 4611686019135190028      /nix/store/gpxl5qgg8kicmcvivwmybwjlpf7wh20l-graalvm17-ce-22.3.0/lib/libjava.so
7f496c2a9000-7f496c2aa000 r--p 00024000 00:1710 4611686019135190028      /nix/store/gpxl5qgg8kicmcvivwmybwjlpf7wh20l-graalvm17-ce-22.3.0/lib/libjava.so
7f496c2aa000-7f496c2ab000 rw-p 00025000 00:1710 4611686019135190028      /nix/store/gpxl5qgg8kicmcvivwmybwjlpf7wh20l-graalvm17-ce-22.3.0/lib/libjava.so
7f496c2ab000-7f496c2ac000 rw-p 00000000 00:00 0 
7f496c2ac000-7f496c2b3000 rw-p 0002f000 00:1710 4611686019135190028      /nix/store/gpxl5qgg8kicmcvivwmybwjlpf7wh20l-graalvm17-ce-22.3.0/lib/libjava.so
7f496c2b3000-7f496c2bb000 rw-s 00000000 00:1595 361                      /tmp/hsperfdata_runner/29
7f496c2bb000-7f496c2bc000 ---p 00000000 00:00 0 
7f496c2bc000-7f496c2bd000 r--p 00000000 00:00 0 
7f496c2bd000-7f496c2be000 rwxp 00000000 00:00 0 
7f496c2be000-7f496c2d9000 r-xp 00000000 00:1710 4611686019135190032      /nix/store/gpxl5qgg8kicmcvivwmybwjlpf7wh20l-graalvm17-ce-22.3.0/lib/libjimage.so
7f496c2d9000-7f496c2da000 ---p 0001b000 00:1710 4611686019135190032      /nix/store/gpxl5qgg8kicmcvivwmybwjlpf7wh20l-graalvm17-ce-22.3.0/lib/libjimage.so
7f496c2da000-7f496c2dc000 r--p 0001b000 00:1710 4611686019135190032      /nix/store/gpxl5qgg8kicmcvivwmybwjlpf7wh20l-graalvm17-ce-22.3.0/lib/libjimage.so
7f496c2dc000-7f496c2dd000 rw-p 0001d000 00:1710 4611686019135190032      /nix/store/gpxl5qgg8kicmcvivwmybwjlpf7wh20l-graalvm17-ce-22.3.0/lib/libjimage.so
7f496c2dd000-7f496c2de000 rw-p 00024000 00:1710 4611686019135190032      /nix/store/gpxl5qgg8kicmcvivwmybwjlpf7wh20l-graalvm17-ce-22.3.0/lib/libjimage.so
7f496c2de000-7f496c2e2000 ---p 00000000 00:00 0 
7f496c2e2000-7f496c3de000 rw-p 00000000 00:00 0 
7f496c3de000-7f496c3ec000 r--p 00000000 00:1710 4611686019027979927      /nix/store/4nlgxhb09sdr51nc9hdm8az5b08vzkgx-glibc-2.35-163/lib/libm.so.6
7f496c3ec000-7f496c45f000 r-xp 0000e000 00:1710 4611686019027979927      /nix/store/4nlgxhb09sdr51nc9hdm8az5b08vzkgx-glibc-2.35-163/lib/libm.so.6
7f496c45f000-7f496c4bc000 r--p 00081000 00:1710 4611686019027979927      /nix/store/4nlgxhb09sdr51nc9hdm8az5b08vzkgx-glibc-2.35-163/lib/libm.so.6
7f496c4bc000-7f496c4bd000 r--p 000dd000 00:1710 4611686019027979927      /nix/store/4nlgxhb09sdr51nc9hdm8az5b08vzkgx-glibc-2.35-163/lib/libm.so.6
7f496c4bd000-7f496c4be000 rw-p 000de000 00:1710 4611686019027979927      /nix/store/4nlgxhb09sdr51nc9hdm8az5b08vzkgx-glibc-2.35-163/lib/libm.so.6
7f496c4be000-7f496c4bf000 r--p 00000000 00:1710 4611686019027979946      /nix/store/4nlgxhb09sdr51nc9hdm8az5b08vzkgx-glibc-2.35-163/lib/librt.so.1
7f496c4bf000-7f496c4c0000 r-xp 00001000 00:1710 4611686019027979946      /nix/store/4nlgxhb09sdr51nc9hdm8az5b08vzkgx-glibc-2.35-163/lib/librt.so.1
7f496c4c0000-7f496c4c1000 r--p 00002000 00:1710 4611686019027979946      /nix/store/4nlgxhb09sdr51nc9hdm8az5b08vzkgx-glibc-2.35-163/lib/librt.so.1
7f496c4c1000-7f496c4c2000 r--p 00002000 00:1710 4611686019027979946      /nix/store/4nlgxhb09sdr51nc9hdm8az5b08vzkgx-glibc-2.35-163/lib/librt.so.1
7f496c4c2000-7f496c4c3000 rw-p 00003000 00:1710 4611686019027979946      /nix/store/4nlgxhb09sdr51nc9hdm8az5b08vzkgx-glibc-2.35-163/lib/librt.so.1
7f496c4c3000-7f496d5d6000 r-xp 00000000 00:1710 4611686019135360866      /nix/store/gpxl5qgg8kicmcvivwmybwjlpf7wh20l-graalvm17-ce-22.3.0/lib/server/libjvm.so
7f496d5d6000-7f496d5d7000 ---p 01113000 00:1710 4611686019135360866      /nix/store/gpxl5qgg8kicmcvivwmybwjlpf7wh20l-graalvm17-ce-22.3.0/lib/server/libjvm.so
7f496d5d7000-7f496d68c000 r--p 01113000 00:1710 4611686019135360866      /nix/store/gpxl5qgg8kicmcvivwmybwjlpf7wh20l-graalvm17-ce-22.3.0/lib/server/libjvm.so
7f496d68c000-7f496d6c0000 rw-p 011c8000 00:1710 4611686019135360866      /nix/store/gpxl5qgg8kicmcvivwmybwjlpf7wh20l-graalvm17-ce-22.3.0/lib/server/libjvm.so
7f496d6c0000-7f496d71c000 rw-p 00000000 00:00 0 
7f496d71c000-7f496d744000 r--p 00000000 00:1710 4611686019027979918      /nix/store/4nlgxhb09sdr51nc9hdm8az5b08vzkgx-glibc-2.35-163/lib/libc.so.6
7f496d744000-7f496d8ba000 r-xp 00028000 00:1710 4611686019027979918      /nix/store/4nlgxhb09sdr51nc9hdm8az5b08vzkgx-glibc-2.35-163/lib/libc.so.6
7f496d8ba000-7f496d912000 r--p 0019e000 00:1710 4611686019027979918      /nix/store/4nlgxhb09sdr51nc9hdm8az5b08vzkgx-glibc-2.35-163/lib/libc.so.6
7f496d912000-7f496d916000 r--p 001f6000 00:1710 4611686019027979918      /nix/store/4nlgxhb09sdr51nc9hdm8az5b08vzkgx-glibc-2.35-163/lib/libc.so.6
7f496d916000-7f496d918000 rw-p 001fa000 00:1710 4611686019027979918      /nix/store/4nlgxhb09sdr51nc9hdm8az5b08vzkgx-glibc-2.35-163/lib/libc.so.6
7f496d918000-7f496d927000 rw-p 00000000 00:00 0 
7f496d927000-7f496d928000 r--p 00000000 00:1710 4611686019027979923      /nix/store/4nlgxhb09sdr51nc9hdm8az5b08vzkgx-glibc-2.35-163/lib/libdl.so.2
7f496d928000-7f496d929000 r-xp 00001000 00:1710 4611686019027979923      /nix/store/4nlgxhb09sdr51nc9hdm8az5b08vzkgx-glibc-2.35-163/lib/libdl.so.2
7f496d929000-7f496d92a000 r--p 00002000 00:1710 4611686019027979923      /nix/store/4nlgxhb09sdr51nc9hdm8az5b08vzkgx-glibc-2.35-163/lib/libdl.so.2
7f496d92a000-7f496d92b000 r--p 00002000 00:1710 4611686019027979923      /nix/store/4nlgxhb09sdr51nc9hdm8az5b08vzkgx-glibc-2.35-163/lib/libdl.so.2
7f496d92b000-7f496d92c000 rw-p 00003000 00:1710 4611686019027979923      /nix/store/4nlgxhb09sdr51nc9hdm8az5b08vzkgx-glibc-2.35-163/lib/libdl.so.2
7f496d92c000-7f496d92d000 r--p 00000000 00:1710 4611686019027979942      /nix/store/4nlgxhb09sdr51nc9hdm8az5b08vzkgx-glibc-2.35-163/lib/libpthread.so.0
7f496d92d000-7f496d92e000 r-xp 00001000 00:1710 4611686019027979942      /nix/store/4nlgxhb09sdr51nc9hdm8az5b08vzkgx-glibc-2.35-163/lib/libpthread.so.0
7f496d92e000-7f496d92f000 r--p 00002000 00:1710 4611686019027979942      /nix/store/4nlgxhb09sdr51nc9hdm8az5b08vzkgx-glibc-2.35-163/lib/libpthread.so.0
7f496d92f000-7f496d930000 r--p 00002000 00:1710 4611686019027979942      /nix/store/4nlgxhb09sdr51nc9hdm8az5b08vzkgx-glibc-2.35-163/lib/libpthread.so.0
7f496d930000-7f496d931000 rw-p 00003000 00:1710 4611686019027979942      /nix/store/4nlgxhb09sdr51nc9hdm8az5b08vzkgx-glibc-2.35-163/lib/libpthread.so.0
7f496d931000-7f496d93f000 r-xp 00000000 00:1710 4611686019135190033      /nix/store/gpxl5qgg8kicmcvivwmybwjlpf7wh20l-graalvm17-ce-22.3.0/lib/libjli.so
7f496d93f000-7f496d940000 ---p 0000e000 00:1710 4611686019135190033      /nix/store/gpxl5qgg8kicmcvivwmybwjlpf7wh20l-graalvm17-ce-22.3.0/lib/libjli.so
7f496d940000-7f496d941000 r--p 0000e000 00:1710 4611686019135190033      /nix/store/gpxl5qgg8kicmcvivwmybwjlpf7wh20l-graalvm17-ce-22.3.0/lib/libjli.so
7f496d941000-7f496d942000 rw-p 0000f000 00:1710 4611686019135190033      /nix/store/gpxl5qgg8kicmcvivwmybwjlpf7wh20l-graalvm17-ce-22.3.0/lib/libjli.so
7f496d942000-7f496d943000 rw-p 00012000 00:1710 4611686019135190033      /nix/store/gpxl5qgg8kicmcvivwmybwjlpf7wh20l-graalvm17-ce-22.3.0/lib/libjli.so
7f496d943000-7f496d946000 r--p 00000000 00:1710 4611686019106210071      /nix/store/026hln0aq1hyshaxsdvhg0kmcm6yf45r-zlib-1.2.13/lib/libz.so.1.2.13
7f496d946000-7f496d958000 r-xp 00003000 00:1710 4611686019106210071      /nix/store/026hln0aq1hyshaxsdvhg0kmcm6yf45r-zlib-1.2.13/lib/libz.so.1.2.13
7f496d958000-7f496d95f000 r--p 00015000 00:1710 4611686019106210071      /nix/store/026hln0aq1hyshaxsdvhg0kmcm6yf45r-zlib-1.2.13/lib/libz.so.1.2.13
7f496d95f000-7f496d960000 r--p 0001b000 00:1710 4611686019106210071      /nix/store/026hln0aq1hyshaxsdvhg0kmcm6yf45r-zlib-1.2.13/lib/libz.so.1.2.13
7f496d960000-7f496d961000 rw-p 0001c000 00:1710 4611686019106210071      /nix/store/026hln0aq1hyshaxsdvhg0kmcm6yf45r-zlib-1.2.13/lib/libz.so.1.2.13
7f496d961000-7f496d963000 rw-p 00000000 00:00 0 
7f496d963000-7f496d965000 r--p 00000000 00:1710 4611686019027979912      /nix/store/4nlgxhb09sdr51nc9hdm8az5b08vzkgx-glibc-2.35-163/lib/ld-linux-x86-64.so.2
7f496d965000-7f496d98c000 r-xp 00002000 00:1710 4611686019027979912      /nix/store/4nlgxhb09sdr51nc9hdm8az5b08vzkgx-glibc-2.35-163/lib/ld-linux-x86-64.so.2
7f496d98c000-7f496d998000 r--p 00029000 00:1710 4611686019027979912      /nix/store/4nlgxhb09sdr51nc9hdm8az5b08vzkgx-glibc-2.35-163/lib/ld-linux-x86-64.so.2
7f496d998000-7f496d99a000 r--p 00034000 00:1710 4611686019027979912      /nix/store/4nlgxhb09sdr51nc9hdm8az5b08vzkgx-glibc-2.35-163/lib/ld-linux-x86-64.so.2
7f496d99a000-7f496d99c000 rw-p 00036000 00:1710 4611686019027979912      /nix/store/4nlgxhb09sdr51nc9hdm8az5b08vzkgx-glibc-2.35-163/lib/ld-linux-x86-64.so.2
7ffe26357000-7ffe2637c000 rw-p 00000000 00:00 0                          [stack]
7ffe263ed000-7ffe263f1000 r--p 00000000 00:00 0                          [vvar]
7ffe263f1000-7ffe263f3000 r-xp 00000000 00:00 0                          [vdso]
ffffffffff600000-ffffffffff601000 --xp 00000000 00:00 0                  [vsyscall]


VM Arguments:
jvm_args: -XX:ThreadPriorityPolicy=1 -XX:+UnlockExperimentalVMOptions -XX:+EnableJVMCIProduct -XX:JVMCIThreadsPerNativeLibraryRuntime=1 -XX:-UnlockExperimentalVMOptions -Declipse.application=org.eclipse.jdt.ls.core.id1 -Dosgi.bundles.defaultStartLevel=4 -Declipse.product=org.eclipse.jdt.ls.core.product -Dlog.level=ALL -Xverify:none -XX:+UseParallelGC -XX:GCTimeRatio=4 -XX:AdaptiveSizePolicyWeight=90 -Dsun.zip.disableMemoryMapping=true -Xmx512m -Xms100m 
java_command: /nix/store/m6gcpi1ii6rghy04cjwjddcavv7i90df-jdt-language-server-1.9.0/share/java/plugins/org.eclipse.equinox.launcher_1.6.400.v20210924-0641.jar --add-modules=ALL-SYSTEM --add-opens java.base/java.util=ALL-UNNAMED --add-opens java.base/java.lang=ALL-UNNAMED -configuration /home/runner/.cache/jdt-language-server/config -data /home/runner/.cache/jdt-language-server/data/home/runner/zaliczenie
java_class_path (initial): /nix/store/m6gcpi1ii6rghy04cjwjddcavv7i90df-jdt-language-server-1.9.0/share/java/plugins/org.eclipse.equinox.launcher_1.6.400.v20210924-0641.jar
Launcher Type: SUN_STANDARD

[Global flags]
    uintx AdaptiveSizePolicyWeight                 = 90                                        {product} {command line}
     intx CICompilerCount                          = 2                                         {product} {ergonomic}
     bool EnableJVMCIProduct                       = true                                {JVMCI product} {jimage}
    uintx GCTimeRatio                              = 4                                         {product} {command line}
   size_t InitialHeapSize                          = 104857600                                 {product} {command line}
     uint JVMCIThreadsPerNativeLibraryRuntime      = 1                                   {JVMCI product} {jimage}
   size_t MaxHeapSize                              = 536870912                                 {product} {command line}
   size_t MaxNewSize                               = 178782208                                 {product} {ergonomic}
   size_t MinHeapDeltaBytes                        = 524288                                    {product} {ergonomic}
   size_t MinHeapSize                              = 104857600                                 {product} {command line}
   size_t NewSize                                  = 34603008                                  {product} {ergonomic}
    uintx NonNMethodCodeHeapSize                   = 5826188                                {pd product} {ergonomic}
    uintx NonProfiledCodeHeapSize                  = 122916026                              {pd product} {ergonomic}
   size_t OldSize                                  = 70254592                                  {product} {ergonomic}
    uintx ProfiledCodeHeapSize                     = 122916026                              {pd product} {ergonomic}
    uintx ReservedCodeCacheSize                    = 251658240                              {pd product} {ergonomic}
     bool SegmentedCodeCache                       = true                                      {product} {ergonomic}
   size_t SoftMaxHeapSize                          = 536870912                              {manageable} {ergonomic}
     intx ThreadPriorityPolicy                     = 1                                         {product} {jimage}
     bool UseCompressedClassPointers               = true                           {product lp64_product} {ergonomic}
     bool UseCompressedOops                        = true                           {product lp64_product} {ergonomic}
     bool UseParallelGC                            = true                                      {product} {command line}

Logging:
Log output configuration:
 #0: stdout all=warning uptime,level,tags
 #1: stderr all=off uptime,level,tags

Environment Variables:
JAVA_HOME=/nix/store/gpxl5qgg8kicmcvivwmybwjlpf7wh20l-graalvm17-ce-22.3.0
PATH=/nix/store/1d6ian3r8kdzspw8hacjhl3xkp40g1lj-binutils-wrapper-2.39/bin:/nix/store/dq0xwmsk1g0i2ayg6pb7y87na2knzylh-gcc-wrapper-11.3.0/bin:/nix/store/bap4d0lpcrhpwmpb8ayjcgkmvfj62lnq-bash-interactive-5.1-p16/bin:/nix/store/pr5n59mb4jzmfx6kanwxly0l07p861fg-patchelf-0.15.0/bin:/nix/store/1gf2flfqnpqbr1b4p4qz2f72y42bs56r-gcc-11.3.0/bin:/nix/store/57xv61c5zi8pphjbcwxxjlgc34p61ic9-glibc-2.35-163-bin/bin:/nix/store/a7gvj343m05j2s32xcnwr35v31ynlypr-coreutils-9.1/bin:/nix/store/039g378vc3pc3dvi9dzdlrd0i4q93qwf-binutils-2.39/bin:/nix/store/gpxl5qgg8kicmcvivwmybwjlpf7wh20l-graalvm17-ce-22.3.0/bin:/nix/store/6z9ag3ihc8mq2hzsw48lhbznvzny65nz-apache-maven-3.8.6/bin:/nix/store/m6gcpi1ii6rghy04cjwjddcavv7i90df-jdt-language-server-1.9.0/bin:/nix/store/84xs5alhs01zrbr4ywm05kxbjbp5590l-java-debug/bin:/nix/store/mydc6f4k2z73xlcz7ilif3v2lcaiqvza-findutils-4.9.0/bin:/nix/store/j9p3g8472iijd50vhdprx0nmk2fqn5gv-diffutils-3.8/bin:/nix/store/89zs7rms6x00xfq4dq6m7mjnhkr8a6r4-gnused-4.8/bin:/nix/store/86bp03jkmsl6f92w0yzg4s59g5mhxwmy-gnugrep-3.7/bin:/nix/store/hwcdqw4jrjnd37wxqgsd47hd0j8bnj09-gawk-5.1.1/bin:/nix/store/cfbhw8r8ags41vwqaz47r583d0p4h4a1-gnutar-1.34/bin:/nix/store/p3m1ndl1lapwrlh698bnb5lvvxh67378-gzip-1.12/bin:/nix/store/a8mhcagrsly7c7mpjrpsnaahk4aax056-bzip2-1.0.8-bin/bin:/nix/store/mblgz65m3zv9x548a3d5m96fj2pbwr09-gnumake-4.3/bin:/nix/store/dsd5gz46hdbdk2rfdimqddhq6m8m8fqs-bash-5.1-p16/bin:/nix/store/v7ljksji50mg3w61dykaa3n3y79n6nil-patch-2.7.6/bin:/nix/store/zlcnmqq14jz5x9439jf937mvayyl63da-xz-5.2.7-bin/bin:/nix/store/y6aj732zm9m87c82fpvf103a1xb22blp-file-5.43/bin:/nix/store/i4kzir3m7mrisxmf5xvlnkw01x4qaqr4-prybar-elisp-0.0.0-e0d9a52/bin:/nix/store/lwwivxf6h7x3cvxp9zv8sj0mv7dak99r-prybar-lua-0.0.0-e0d9a52/bin:/nix/store/gxj28g1cg4hq3qanmjv07156h800qr58-prybar-python3-0.0.0-e0d9a52/bin:/nix/store/hshkjnxrgidigf8x75vg6lqng2xlx9i3-prybar-sqlite-0.0.0-e0d9a52/bin:/nix/store/c4w01bpjgyy5ixmwdk8m1pw87zq4sl26-prybar-tcl-0.0.0-e0d9a52/bin:/nix/store/hpbvrlwd5viqmvcaisb3x0118i913a9n-st
LD_LIBRARY_PATH=/nix/store/a4pff549sk2idnkpzk5nsfps3mdkdnvm-cups-2.4.2-lib/lib:/nix/store/72mqxxhh3cy5yifh92wh2yb8cl2hikyy-cairo-1.16.0/lib:/nix/store/2k366jrbsra97gjfxwvrhvixjfxdach5-glib-2.74.1/lib:/nix/store/2j2znigd8ak37rlwh9khz0ry3clqlw1l-gtk+3-3.24.34/lib:/nix/store/hisqvx32cd57apbpcsnkpx6k3549wql1-libglvnd-1.4.0/lib:/nix/store/p36pgcv991mq5srvg765b78yqpxvk3qs-mesa-21.3.3-drivers/lib:/nix/store/mav4251if1ahjq5vkpwycyyvnmy459c4-pulseaudio-14.2/lib
DISPLAY=:0
LANG=en_US.UTF-8

Signal Handlers:
   SIGSEGV: crash_handler in libjvm.so, mask=11100100010111111101111111111110, flags=SA_RESTART|SA_SIGINFO
    SIGBUS: crash_handler in libjvm.so, mask=11100100010111111101111111111110, flags=SA_RESTART|SA_SIGINFO
    SIGFPE: crash_handler in libjvm.so, mask=11100100010111111101111111111110, flags=SA_RESTART|SA_SIGINFO
   SIGPIPE: IsolateEnterStub_IgnoreSIGPIPEStartupHook_noopSignalHandler_8f19bff2f35b5f630d83b364d6b2339320d4ec70_216e8361c6bc87a8f89f58cc10d3b2fd4415bf87 in libjvmcicompiler.so, mask=00000000000000000000000000000000, flags=SA_RESTART
  *** Handler was modified!
  *** Expected: javaSignalHandler in libjvm.so, mask=11100100110111111111111111111110, flags=SA_RESTART|SA_SIGINFO
   SIGXFSZ: javaSignalHandler in libjvm.so, mask=11100100010111111101111111111110, flags=SA_RESTART|SA_SIGINFO
    SIGILL: crash_handler in libjvm.so, mask=11100100010111111101111111111110, flags=SA_RESTART|SA_SIGINFO
   SIGUSR2: SR_handler in libjvm.so, mask=00000000000000000000000000000000, flags=SA_RESTART|SA_SIGINFO
    SIGHUP: UserHandler in libjvm.so, mask=11100100010111111101111111111110, flags=SA_RESTART|SA_SIGINFO
    SIGINT: UserHandler in libjvm.so, mask=11100100010111111101111111111110, flags=SA_RESTART|SA_SIGINFO
   SIGTERM: UserHandler in libjvm.so, mask=11100100010111111101111111111110, flags=SA_RESTART|SA_SIGINFO
   SIGQUIT: UserHandler in libjvm.so, mask=11100100010111111101111111111110, flags=SA_RESTART|SA_SIGINFO
  *** Handler was modified!
  *** Expected: javaSignalHandler in libjvm.so, mask=11100100110111111111111111111110, flags=SA_RESTART|SA_SIGINFO
   SIGTRAP: crash_handler in libjvm.so, mask=11100100010111111101111111111110, flags=SA_RESTART|SA_SIGINFO


---------------  S Y S T E M  ---------------

OS:
DISTRIB_ID=Ubuntu
DISTRIB_RELEASE=20.04
DISTRIB_CODENAME=focal
DISTRIB_DESCRIPTION="Ubuntu 20.04.2 LTS"
uname: Linux 5.19.0-1024-gcp #26~22.04.1-Ubuntu SMP Mon May 15 08:59:20 UTC 2023 x86_64
OS uptime: 0 days 4:58 hours
libc: glibc 2.35 NPTL 2.35 
rlimit (soft/hard): STACK 8192k/infinity , CORE infinity/infinity , NPROC infinity/infinity , NOFILE 5242/5242 , AS infinity/infinity , CPU infinity/infinity , DATA infinity/infinity , FSIZE infinity/infinity , MEMLOCK 8192k/8192k
load average: 18.64 13.88 13.11

/proc/meminfo:
MemTotal:       65852240 kB
MemFree:        18628192 kB
MemAvailable:   44624016 kB
Buffers:         2976684 kB
Cached:         21679364 kB
SwapCached:            0 kB
Active:         10582112 kB
Inactive:       32566740 kB
Active(anon):      16652 kB
Inactive(anon): 18219204 kB
Active(file):   10565460 kB
Inactive(file): 14347536 kB
Unevictable:       55892 kB
Mlocked:           55892 kB
SwapTotal:             0 kB
SwapFree:              0 kB
Zswap:                 0 kB
Zswapped:              0 kB
Dirty:              4428 kB
Writeback:           324 kB
AnonPages:      17597352 kB
Mapped:          1952328 kB
Shmem:             27980 kB
KReclaimable:    1809428 kB
Slab:            2962980 kB
SReclaimable:    1809428 kB
SUnreclaim:      1153552 kB
KernelStack:      444816 kB
PageTables:       195168 kB
NFS_Unstable:          0 kB
Bounce:                0 kB
WritebackTmp:          0 kB
CommitLimit:    32926120 kB
Committed_AS:   70616248 kB
VmallocTotal:   34359738367 kB
VmallocUsed:      487344 kB
VmallocChunk:          0 kB
Percpu:            56320 kB
HardwareCorrupted:     0 kB
AnonHugePages:   2922496 kB
ShmemHugePages:        0 kB
ShmemPmdMapped:        0 kB
FileHugePages:         0 kB
FilePmdMapped:         0 kB
HugePages_Total:       0
HugePages_Free:        0
HugePages_Rsvd:        0
HugePages_Surp:        0
Hugepagesize:       2048 kB
Hugetlb:               0 kB
DirectMap4k:     4930360 kB
DirectMap2M:    50640896 kB
DirectMap1G:    13631488 kB

/sys/kernel/mm/transparent_hugepage/enabled: always [madvise] never
/sys/kernel/mm/transparent_hugepage/defrag (defrag/compaction efforts parameter): always defer defer+madvise [madvise] never

Process Memory:
Virtual Size: 4788316K (peak: 4825920K)
Resident Set Size: 760164K (peak: 793264K) (anon: 566476K, file: 193688K, shmem: 0K)
Swapped out: 0K
C-Heap outstanding allocations: 43728K, retained: 12803K
glibc malloc tunables: (default)

/proc/sys/kernel/threads-max (system-wide limit on the number of threads): 514406
/proc/sys/vm/max_map_count (maximum number of memory map areas a process may have): 65530
/proc/sys/kernel/pid_max (system-wide limit on number of process identifiers): 4194304

container (cgroup) information:
container_type: cgroupv1
cpu_cpuset_cpus: 2-7
cpu_memory_nodes: 0
active_processor_count: 1
cpu_quota: 50000
cpu_period: 100000
cpu_shares: 512
memory_limit_in_bytes: 1048576 k
memory_and_swap_limit_in_bytes: 1048576 k
memory_soft_limit_in_bytes: 524288 k
memory_usage_in_bytes: 617532 k
memory_max_usage_in_bytes: 671048 k
maximum number of tasks: 1000
current number of tasks: 48

KVM virtualization detected
Steal ticks since vm start: 0
Steal ticks percentage since vm start:  0.000

CPU: total 8 (initial active 1) (8 cores per cpu, 2 threads per core) family 23 model 49 stepping 0 microcode 0xffffffff, cx8, cmov, fxsr, ht, mmx, 3dnowpref, sse, sse2, sse3, ssse3, sse4a, sse4.1, sse4.2, popcnt, lzcnt, tsc, tscinvbit, avx, avx2, aes, clmul, bmi1, bmi2, adx, sha, fma, vzeroupper, clflush, clflushopt, hv
CPU Model and flags from /proc/cpuinfo:
model name	: AMD EPYC 7B12
flags		: fpu vme de pse tsc msr pae mce cx8 apic sep mtrr pge mca cmov pat pse36 clflush mmx fxsr sse sse2 ht syscall nx mmxext fxsr_opt pdpe1gb rdtscp lm constant_tsc rep_good nopl nonstop_tsc cpuid extd_apicid tsc_known_freq pni pclmulqdq ssse3 fma cx16 sse4_1 sse4_2 movbe popcnt aes xsave avx f16c rdrand hypervisor lahf_lm cmp_legacy cr8_legacy abm sse4a misalignsse 3dnowprefetch osvw topoext ssbd ibrs ibpb stibp vmmcall fsgsbase tsc_adjust bmi1 avx2 smep bmi2 rdseed adx smap clflushopt clwb sha_ni xsaveopt xsavec xgetbv1 clzero xsaveerptr arat npt nrip_save umip rdpid

Online cpus: 0-7
Offline cpus: 
BIOS frequency limitation: <Not Available>
Frequency switch latency (ns): <Not Available>
Available cpu frequencies: <Not Available>
Current governor: <Not Available>
Core performance/turbo boost: <Not Available>

Memory: 4k page, physical 1048576k(431032k free), swap 0k(0k free)
Page Sizes: 4k

vm_info: OpenJDK 64-Bit Server VM (17.0.5+8-jvmci-22.3-b08) for linux-amd64 JRE (17.0.5+8-jvmci-22.3-b08), built on Oct 19 2022 09:01:27 by "buildslave" with gcc 10.3.0

END.
